 ECLIPSE   Version 2018.2. Build Number 30032000. (Arch : Linux X86_64 (64 bit, LINRH6_IL17GC54_OPT))
 WARNING: The variable F_UFMTENDIAN is set to
 This should be reset using the command : setenv F_UFMTENDIAN big
 WARNING: I/O will be in Little Endian format

 Proprietary Notice
 This application contains the confidential and
 proprietary trade secrets of Schlumberger and may
 not be copied or stored in an information retrieval
 system, transferred, used, distributed, translated,
 or retransmitted in any form or by any means, electronic
 or mechanical, in whole or in part, without the
 express written permission of the copyright owner.

 ECLIPSE is a mark of Schlumberger. Copyright (c)
 1981-2018 Schlumberger. All rights reserved.

     1 READING RUNSPEC
     2 READING CPR
     3 READING TITLE
     4 READING DIMENS
     5 READING OIL
     6 READING WATER
     7 READING EQLDIMS
     8 READING TABDIMS
     9 READING WELLDIMS
    10 READING WSEGDIMS
    11 READING AQUDIMS

 @--MESSAGE  AT TIME        0.0   DAYS    ( 1-JAN-0):
 @           CHECKING FOR LICENSES
    12 READING METRIC
    13 READING START
    14 READING NSTACK
    15 READING UNIFIN
    16 READING UNIFOUT
    17 READING GRID

 @--MESSAGE  AT TIME        0.0   DAYS    ( 1-JAN-2015):
 @           THE CPR LINEAR SOLVER HAS BEEN ACTIVATED
 @           IN ADAPTIVE MODE.

 @--MESSAGE  AT TIME        0.0   DAYS    ( 1-JAN-2015):
 @           CHECKING FOR LICENSES

 @--MESSAGE  AT TIME        0.0   DAYS    ( 1-JAN-2015):
 @           THE MEMORY REQUIRED TO PROCESS THE GRID SECTION IS
 @                30702 KBYTES
    18 READING INIT
    19 READING DX
    20 READING DY
    21 READING DZ
    22 READING TOPS

 @--WARNING  AT TIME        0.0   DAYS    ( 1-JAN-2015):
 @                  68400 VALUES NOT DEFINED IN BOX (  1- 60,  1- 60,  1- 20)
 @           OF KEYWORD TOPS
    23 READING INCLUDE ./include/permx_SHOEBOX.INC
    24 READING PERMX
               END OF INCLUDE FILE
    25 READING INCLUDE ./include/poro_SHOEBOX.INC
    26 READING PORO
               END OF INCLUDE FILE
    27 READING INCLUDE ./include/permy_SHOEBOx.INC
    28 READING PERMY
               END OF INCLUDE FILE
    29 READING INCLUDE ./include/permz_shoebox.INC
    30 READING PERMZ
               END OF INCLUDE FILE
    31 READING NTG
    32 READING MULTIPLY
    33 READING AQUNUM
    34 READING AQUCON
    35 READING PROPS

 @--MESSAGE  AT TIME        0.0   DAYS    ( 1-JAN-2015):
 @           UNSPECIFIED TOPS VALUES OBTAINED BY ADDING DZ
 @           TO TOPS VALUE FOR LAYER ABOVE

 @--MESSAGE  AT TIME        0.0   DAYS    ( 1-JAN-2015):
 @           NEITHER OLDTRAN,OLDTRANR NOR NEWTRAN SPECIFIED
 @           BLOCK CENTRE TRANSMISSIBILITIES TO BE CALCULATED
 @           USING  OLDTRAN

 @--WARNING  AT TIME        0.0   DAYS    ( 1-JAN-2015):
 @           AN ILLEGAL AQUIFER-AQUIFER CONNECTION HAS BEEN DETECTED
 @           BETWEEN NUMERICAL AQUIFERS        1 AND        1
 @           AT GRID LOCATION (      30,      30,      20).
 @           THE CONNECTION HAS BEEN REMOVED.

 @--MESSAGE  AT TIME        0.0   DAYS    ( 1-JAN-2015):
 @           3599 NON-NEIGHBOUR CONNECTIONS PRESENT

 @--MESSAGE  AT TIME        0.0   DAYS    ( 1-JAN-2015):
 @           NUMBER OF ACTIVE CELLS IS 72000

 @--MESSAGE  AT TIME        0.0   DAYS    ( 1-JAN-2015):
 @           THE MEMORY REQUIRED TO PROCESS THE SOLUTION SECTION IS
 @                86232 KBYTES

 @--MESSAGE  AT TIME        0.0   DAYS    ( 1-JAN-2015):
 @              62453 CHARACTER VARIABLES USED
    36 READING PVTW
    37 READING PVDO
    38 READING DENSITY
    39 READING ROCK
    40 READING SWOF
    41 READING REGIONS
    42 READING SATNUM
    43 READING SOLUTION
    44 READING EQUIL
    45 READING RPTRST
    46 READING SUMMARY
    47 READING SEPARATE
    48 READING RUNSUM
    49 READING RPTSMRY
    50 READING INCLUDE ./include/SUMMARY.INC
    51 READING FRPV
    52 READING FOPV
    53 READING FHPV
    54 READING FORMW
    55 READING FORFW
    56 READING FGIP
    57 READING FGIPG
    58 READING FGIPL
    59 READING FOIP
    60 READING FOIPG
    61 READING FOIPL
    62 READING FWIP
    63 READING FPR
    64 READING FPRH
    65 READING FPRP
    66 READING FGPR
    67 READING FOPR
    68 READING FWPR
    69 READING FLPR
    70 READING FVPR
    71 READING FGIR
    72 READING FOIR
    73 READING FWIR
    74 READING FVIR
    75 READING FGPT
    76 READING FOPT
    77 READING FWPT
    78 READING FLPT
    79 READING FVPT
    80 READING FGIT
    81 READING FOIT
    82 READING FWIT
    83 READING FVIT
    84 READING FOE
    85 READING FWCT
    86 READING FGOR
    87 READING FRS
    88 READING FRV
    89 READING FWGR
    90 READING WBHP
    91 READING WTHP
    92 READING WBP
    93 READING WBP4
    94 READING WBP5
    95 READING WBP9
    96 READING WGPR
    97 READING WOPR
    98 READING WWPR
    99 READING WLPR
   100 READING WVPR
   101 READING WGIR
   102 READING WOIR
   103 READING WWIR
   104 READING WVIR
   105 READING WGPT
   106 READING WOPT
   107 READING WWPT
   108 READING WLPT
   109 READING WVPT
   110 READING WGIT
   111 READING WOIT
   112 READING WWIT
   113 READING WVIT
   114 READING WSTAT
   115 READING WMCTL
   116 READING WWCT
   117 READING WGOR
   118 READING WWGR
   119 READING WPI
   120 READING WEPR
   121 READING CTFAC
   122 READING FNQR
   123 READING FNQT
   124 READING ANQP
   125 READING TCPU
   126 READING PERFORMA
   127 READING TIMESTEP
               END OF INCLUDE FILE
   128 READING SCHEDULE
   129 READING TUNING

 @--WARNING  AT TIME        0.0   DAYS    ( 1-JAN-2015):
 @           SPURIOUS DATA BEFORE INCLUDE  KEYWORD
 @           1* 1* 30 /
   130 READING INCLUDE ./include/1WSHOEBOXMODEL_SCH.INC
   131 READING WELSPECS
   132 READING COMPDAT
   133 READING WELSEGS
   134 READING COMPSEGS
   135 READING WSEGVALV
   136 READING WCONPROD

 @--MESSAGE  AT TIME        0.0   DAYS    ( 1-JAN-2015):
 @           OPENING WELL P1       AT TIME      0.00   DAYS
 @           CONTROLLED BY BOTTOM HOLE PRESSURE
   137 READING TSTEP

 @--MESSAGE  AT TIME        0.0   DAYS    ( 1-JAN-2015):
 @           RESTART FILE WRITTEN   REPORT     0

 @--MESSAGE  AT TIME        0.0   DAYS    ( 1-JAN-2015):
 @           ******************************************
 @           * WELL P1       HAS CHANGED TO           *
 @           * CONTROL BY LIQUID RATE                 *
 @           * FROM TIME      0.00   DAYS  .          *
 @           ******************************************
 STEP    1 TIME=      2.40 HOURS (    +2.4 HOURS INIT  3 ITS) (1-JAN-2015)
  PAV=   202.1  BARSA  WCT=0.000 GOR= 0.00000   SM3/SM3 WGR= 0.00000   SM3/SM3
 STEP    2 TIME=      9.60 HOURS (    +7.2 HOURS MAXF  5 ITS) (1-JAN-2015)
  PAV=   201.2  BARSA  WCT=0.000 GOR= 0.00000   SM3/SM3 WGR= 0.00000   SM3/SM3
 STEP    3 TIME=     13.04 HOURS (    +3.4 HOURS TRNC  4 ITS) (1-JAN-2015)
  PAV=   200.8  BARSA  WCT=0.000 GOR= 0.00000   SM3/SM3 WGR= 0.00000   SM3/SM3
 STEP    4 TIME=     15.44 HOURS (    +2.4 HOURS TRNC  3 ITS) (1-JAN-2015)
  PAV=   200.5  BARSA  WCT=0.000 GOR= 0.00000   SM3/SM3 WGR= 0.00000   SM3/SM3
 STEP    5 TIME=     17.84 HOURS (    +2.4 HOURS MINS  3 ITS) (1-JAN-2015)
  PAV=   200.3  BARSA  WCT=0.000 GOR= 0.00000   SM3/SM3 WGR= 0.00000   SM3/SM3

 @--MESSAGE  AT TIME        0.7   DAYS    ( 1-JAN-2015):
 @           ******************************************
 @           * WELL P1       HAS CHANGED TO           *
 @           * CONTROL BY BOTTOM HOLE PRESSURE        *
 @           * FROM TIME      0.74   DAYS  .          *
 @           ******************************************
 STEP    6 TIME=     21.63 HOURS (    +3.8 HOURS TRNC  3 ITS) (1-JAN-2015)
  PAV=   200.0  BARSA  WCT=0.000 GOR= 0.00000   SM3/SM3 WGR= 0.00000   SM3/SM3
 STEP    7 TIME=      1.08  DAYS (    +4.4 HOURS TRNC  3 ITS) (2-JAN-2015)
  PAV=   199.7  BARSA  WCT=0.000 GOR= 0.00000   SM3/SM3 WGR= 0.00000   SM3/SM3
 STEP    8 TIME=      1.33  DAYS (    +6.0 HOURS TRNC  3 ITS) (2-JAN-2015)
  PAV=   199.4  BARSA  WCT=0.000 GOR= 0.00000   SM3/SM3 WGR= 0.00000   SM3/SM3
 STEP    9 TIME=      1.49  DAYS (    +3.7 HOURS TRNC  2 ITS) (2-JAN-2015)
  PAV=   199.2  BARSA  WCT=0.000 GOR= 0.00000   SM3/SM3 WGR= 0.00000   SM3/SM3
 STEP   10 TIME=      1.68  DAYS (    +4.7 HOURS TRNC  3 ITS) (2-JAN-2015)
  PAV=   199.1  BARSA  WCT=0.000 GOR= 0.00000   SM3/SM3 WGR= 0.00000   SM3/SM3
 STEP   11 TIME=      1.95  DAYS (    +6.4 HOURS TRNC  3 ITS) (2-JAN-2015)
  PAV=   198.9  BARSA  WCT=0.000 GOR= 0.00000   SM3/SM3 WGR= 0.00000   SM3/SM3
 STEP   12 TIME=      2.32  DAYS (    +8.9 HOURS TRNC  4 ITS) (3-JAN-2015)
  PAV=   198.6  BARSA  WCT=0.000 GOR= 0.00000   SM3/SM3 WGR= 0.00000   SM3/SM3
 STEP   13 TIME=      2.86  DAYS (   +12.9 HOURS TRNC  2 ITS) (3-JAN-2015)
  PAV=   198.4  BARSA  WCT=0.000 GOR= 0.00000   SM3/SM3 WGR= 0.00000   SM3/SM3
 STEP   14 TIME=      3.76  DAYS (   +21.7 HOURS TRNC  5 ITS) (4-JAN-2015)
  PAV=   198.2  BARSA  WCT=0.000 GOR= 0.00000   SM3/SM3 WGR= 0.00000   SM3/SM3
 STEP   15 TIME=      4.18  DAYS (   +10.1 HOURS TRNC  4 ITS) (5-JAN-2015)
  PAV=   198.1  BARSA  WCT=0.000 GOR= 0.00000   SM3/SM3 WGR= 0.00000   SM3/SM3
 STEP   16 TIME=      4.45  DAYS (    +6.4 HOURS TRNC  3 ITS) (5-JAN-2015)
  PAV=   198.0  BARSA  WCT=0.000 GOR= 0.00000   SM3/SM3 WGR= 0.00000   SM3/SM3
 STEP   17 TIME=      4.73  DAYS (    +6.6 HOURS TRNC  3 ITS) (5-JAN-2015)
  PAV=   198.0  BARSA  WCT=0.000 GOR= 0.00000   SM3/SM3 WGR= 0.00000   SM3/SM3
 STEP   18 TIME=      5.19  DAYS (   +11.0 HOURS TRNC  3 ITS) (6-JAN-2015)
  PAV=   197.9  BARSA  WCT=0.000 GOR= 0.00000   SM3/SM3 WGR= 0.00000   SM3/SM3
 STEP   19 TIME=      6.07  DAYS (   +21.2 HOURS TRNC  4 ITS) (7-JAN-2015)
  PAV=   197.8  BARSA  WCT=0.000 GOR= 0.00000   SM3/SM3 WGR= 0.00000   SM3/SM3
 STEP   20 TIME=      7.66  DAYS (    +1.6  DAYS TRNC  4 ITS) (8-JAN-2015)
  PAV=   197.7  BARSA  WCT=0.000 GOR= 0.00000   SM3/SM3 WGR= 0.00000   SM3/SM3
 STEP   21 TIME=     10.44  DAYS (    +2.8  DAYS TRNC  5 ITS) (11-JAN-2015)
  PAV=   197.6  BARSA  WCT=0.000 GOR= 0.00000   SM3/SM3 WGR= 0.00000   SM3/SM3
 STEP   22 TIME=     14.06  DAYS (    +3.6  DAYS TRNC  5 ITS) (15-JAN-2015)
  PAV=   197.5  BARSA  WCT=0.000 GOR= 0.00000   SM3/SM3 WGR= 0.00000   SM3/SM3
 STEP   23 TIME=     18.85  DAYS (    +4.8  DAYS TRNC  6 ITS) (19-JAN-2015)
  PAV=   197.4  BARSA  WCT=0.000 GOR= 0.00000   SM3/SM3 WGR= 0.00000   SM3/SM3
 STEP   24 TIME=     26.46  DAYS (    +7.6  DAYS TRNC  6 ITS) (27-JAN-2015)
  PAV=   197.2  BARSA  WCT=0.000 GOR= 0.00000   SM3/SM3 WGR= 0.00000   SM3/SM3
 STEP   25 TIME=     36.32  DAYS (    +9.9  DAYS TRNC  6 ITS) (6-FEB-2015)
  PAV=   197.1  BARSA  WCT=0.000 GOR= 0.00000   SM3/SM3 WGR= 0.00000   SM3/SM3
 STEP   26 TIME=     46.32  DAYS (   +10.0  DAYS MAXS  7 ITS) (16-FEB-2015)
  PAV=   197.1  BARSA  WCT=0.000 GOR= 0.00000   SM3/SM3 WGR= 0.00000   SM3/SM3
 STEP   27 TIME=     56.32  DAYS (   +10.0  DAYS MAXS  5 ITS) (26-FEB-2015)
  PAV=   197.1  BARSA  WCT=0.000 GOR= 0.00000   SM3/SM3 WGR= 0.00000   SM3/SM3
 STEP   28 TIME=     66.32  DAYS (   +10.0  DAYS MAXS  5 ITS) (8-MAR-2015)
  PAV=   197.0  BARSA  WCT=0.000 GOR= 0.00000   SM3/SM3 WGR= 0.00000   SM3/SM3
 STEP   29 TIME=     76.32  DAYS (   +10.0  DAYS MAXS  5 ITS) (18-MAR-2015)
  PAV=   197.0  BARSA  WCT=0.000 GOR= 0.00000   SM3/SM3 WGR= 0.00000   SM3/SM3
 STEP   30 TIME=     86.32  DAYS (   +10.0  DAYS MAXS  5 ITS) (28-MAR-2015)
  PAV=   197.0  BARSA  WCT=0.000 GOR= 0.00000   SM3/SM3 WGR= 0.00000   SM3/SM3
 STEP   31 TIME=     96.32  DAYS (   +10.0  DAYS MAXS  5 ITS) (7-APR-2015)
  PAV=   197.0  BARSA  WCT=0.000 GOR= 0.00000   SM3/SM3 WGR= 0.00000   SM3/SM3
 STEP   32 TIME=    106.32  DAYS (   +10.0  DAYS MAXS  5 ITS) (17-APR-2015)
  PAV=   197.0  BARSA  WCT=0.000 GOR= 0.00000   SM3/SM3 WGR= 0.00000   SM3/SM3
 STEP   33 TIME=    116.32  DAYS (   +10.0  DAYS MAXS  6 ITS) (27-APR-2015)
  PAV=   197.0  BARSA  WCT=0.000 GOR= 0.00000   SM3/SM3 WGR= 0.00000   SM3/SM3
 STEP   34 TIME=    126.32  DAYS (   +10.0  DAYS MAXS  5 ITS) (7-MAY-2015)
  PAV=   197.0  BARSA  WCT=0.000 GOR= 0.00000   SM3/SM3 WGR= 0.00000   SM3/SM3
 STEP   35 TIME=    136.32  DAYS (   +10.0  DAYS MAXS  5 ITS) (17-MAY-2015)
  PAV=   197.0  BARSA  WCT=0.000 GOR= 0.00000   SM3/SM3 WGR= 0.00000   SM3/SM3
 STEP   36 TIME=    146.32  DAYS (   +10.0  DAYS MAXS  6 ITS) (27-MAY-2015)
  PAV=   197.0  BARSA  WCT=0.000 GOR= 0.00000   SM3/SM3 WGR= 0.00000   SM3/SM3
 STEP   37 TIME=    156.32  DAYS (   +10.0  DAYS MAXS  5 ITS) (6-JUN-2015)
  PAV=   197.0  BARSA  WCT=0.000 GOR= 0.00000   SM3/SM3 WGR= 0.00000   SM3/SM3
 STEP   38 TIME=    166.32  DAYS (   +10.0  DAYS MAXS  6 ITS) (16-JUN-2015)
  PAV=   197.0  BARSA  WCT=0.002 GOR= 0.00000   SM3/SM3 WGR= 0.00000   SM3/SM3
 STEP   39 TIME=    176.32  DAYS (   +10.0  DAYS MAXS  5 ITS) (26-JUN-2015)
  PAV=   197.0  BARSA  WCT=0.004 GOR= 0.00000   SM3/SM3 WGR= 0.00000   SM3/SM3
 STEP   40 TIME=    186.32  DAYS (   +10.0  DAYS MAXS  4 ITS) (6-JLY-2015)
  PAV=   197.1  BARSA  WCT=0.008 GOR= 0.00000   SM3/SM3 WGR= 0.00000   SM3/SM3
 STEP   41 TIME=    196.32  DAYS (   +10.0  DAYS MAXS  6 ITS) (16-JLY-2015)
  PAV=   197.1  BARSA  WCT=0.013 GOR= 0.00000   SM3/SM3 WGR= 0.00000   SM3/SM3
 STEP   42 TIME=    206.32  DAYS (   +10.0  DAYS MAXS  7 ITS) (26-JLY-2015)
  PAV=   197.1  BARSA  WCT=0.019 GOR= 0.00000   SM3/SM3 WGR= 0.00000   SM3/SM3
 STEP   43 TIME=    216.32  DAYS (   +10.0  DAYS MAXS  5 ITS) (5-AUG-2015)
  PAV=   197.1  BARSA  WCT=0.025 GOR= 0.00000   SM3/SM3 WGR= 0.00000   SM3/SM3
 STEP   44 TIME=    226.32  DAYS (   +10.0  DAYS MAXS  6 ITS) (15-AUG-2015)
  PAV=   197.2  BARSA  WCT=0.030 GOR= 0.00000   SM3/SM3 WGR= 0.00000   SM3/SM3
 STEP   45 TIME=    236.32  DAYS (   +10.0  DAYS MAXS  6 ITS) (25-AUG-2015)
  PAV=   197.2  BARSA  WCT=0.037 GOR= 0.00000   SM3/SM3 WGR= 0.00000   SM3/SM3
 STEP   46 TIME=    246.32  DAYS (   +10.0  DAYS MAXS  3 ITS) (4-SEP-2015)
  PAV=   197.2  BARSA  WCT=0.044 GOR= 0.00000   SM3/SM3 WGR= 0.00000   SM3/SM3
 STEP   47 TIME=    256.32  DAYS (   +10.0  DAYS MAXS  6 ITS) (14-SEP-2015)
  PAV=   197.3  BARSA  WCT=0.050 GOR= 0.00000   SM3/SM3 WGR= 0.00000   SM3/SM3
 STEP   48 TIME=    266.32  DAYS (   +10.0  DAYS MAXS  6 ITS) (24-SEP-2015)
  PAV=   197.3  BARSA  WCT=0.058 GOR= 0.00000   SM3/SM3 WGR= 0.00000   SM3/SM3
 STEP   49 TIME=    276.32  DAYS (   +10.0  DAYS MAXS  5 ITS) (4-OCT-2015)
  PAV=   197.3  BARSA  WCT=0.065 GOR= 0.00000   SM3/SM3 WGR= 0.00000   SM3/SM3
 STEP   50 TIME=    286.32  DAYS (   +10.0  DAYS MAXS  5 ITS) (14-OCT-2015)
  PAV=   197.3  BARSA  WCT=0.073 GOR= 0.00000   SM3/SM3 WGR= 0.00000   SM3/SM3
 STEP   51 TIME=    296.32  DAYS (   +10.0  DAYS MAXS  5 ITS) (24-OCT-2015)
  PAV=   197.3  BARSA  WCT=0.080 GOR= 0.00000   SM3/SM3 WGR= 0.00000   SM3/SM3
 STEP   52 TIME=    306.32  DAYS (   +10.0  DAYS MAXS  4 ITS) (3-NOV-2015)
  PAV=   197.4  BARSA  WCT=0.087 GOR= 0.00000   SM3/SM3 WGR= 0.00000   SM3/SM3
 STEP   53 TIME=    316.32  DAYS (   +10.0  DAYS MAXS  4 ITS) (13-NOV-2015)
  PAV=   197.4  BARSA  WCT=0.094 GOR= 0.00000   SM3/SM3 WGR= 0.00000   SM3/SM3
 STEP   54 TIME=    326.32  DAYS (   +10.0  DAYS MAXS  5 ITS) (23-NOV-2015)
  PAV=   197.4  BARSA  WCT=0.100 GOR= 0.00000   SM3/SM3 WGR= 0.00000   SM3/SM3
 STEP   55 TIME=    336.32  DAYS (   +10.0  DAYS MAXS  4 ITS) (3-DEC-2015)
  PAV=   197.4  BARSA  WCT=0.106 GOR= 0.00000   SM3/SM3 WGR= 0.00000   SM3/SM3
 STEP   56 TIME=    346.32  DAYS (   +10.0  DAYS MAXS  5 ITS) (13-DEC-2015)
  PAV=   197.4  BARSA  WCT=0.112 GOR= 0.00000   SM3/SM3 WGR= 0.00000   SM3/SM3
 STEP   57 TIME=    355.66  DAYS (    +9.3  DAYS HALF  5 ITS) (22-DEC-2015)
  PAV=   197.4  BARSA  WCT=0.119 GOR= 0.00000   SM3/SM3 WGR= 0.00000   SM3/SM3
 STEP   58 TIME=    365.00  DAYS (    +9.3  DAYS REPT  5 ITS) (1-JAN-2016)
  PAV=   197.4  BARSA  WCT=0.125 GOR= 0.00000   SM3/SM3 WGR= 0.00000   SM3/SM3

 @--MESSAGE  AT TIME      365.0   DAYS    ( 1-JAN-2016):
 @           RESTART FILE WRITTEN   REPORT     1
 STEP   59 TIME=    375.00  DAYS (   +10.0  DAYS MAXS  5 ITS) (11-JAN-2016)
  PAV=   197.5  BARSA  WCT=0.132 GOR= 0.00000   SM3/SM3 WGR= 0.00000   SM3/SM3
 STEP   60 TIME=    385.00  DAYS (   +10.0  DAYS MAXS  5 ITS) (21-JAN-2016)
  PAV=   197.5  BARSA  WCT=0.139 GOR= 0.00000   SM3/SM3 WGR= 0.00000   SM3/SM3
 STEP   61 TIME=    395.00  DAYS (   +10.0  DAYS MAXS  5 ITS) (31-JAN-2016)
  PAV=   197.5  BARSA  WCT=0.147 GOR= 0.00000   SM3/SM3 WGR= 0.00000   SM3/SM3
 STEP   62 TIME=    405.00  DAYS (   +10.0  DAYS MAXS  6 ITS) (10-FEB-2016)
  PAV=   197.5  BARSA  WCT=0.154 GOR= 0.00000   SM3/SM3 WGR= 0.00000   SM3/SM3
 STEP   63 TIME=    415.00  DAYS (   +10.0  DAYS MAXS  6 ITS) (20-FEB-2016)
  PAV=   197.5  BARSA  WCT=0.161 GOR= 0.00000   SM3/SM3 WGR= 0.00000   SM3/SM3
 STEP   64 TIME=    425.00  DAYS (   +10.0  DAYS MAXS  5 ITS) (1-MAR-2016)
  PAV=   197.5  BARSA  WCT=0.168 GOR= 0.00000   SM3/SM3 WGR= 0.00000   SM3/SM3
 STEP   65 TIME=    435.00  DAYS (   +10.0  DAYS MAXS  6 ITS) (11-MAR-2016)
  PAV=   197.6  BARSA  WCT=0.176 GOR= 0.00000   SM3/SM3 WGR= 0.00000   SM3/SM3
 STEP   66 TIME=    445.00  DAYS (   +10.0  DAYS MAXS  5 ITS) (21-MAR-2016)
  PAV=   197.6  BARSA  WCT=0.183 GOR= 0.00000   SM3/SM3 WGR= 0.00000   SM3/SM3
 STEP   67 TIME=    455.00  DAYS (   +10.0  DAYS MAXS  6 ITS) (31-MAR-2016)
  PAV=   197.6  BARSA  WCT=0.191 GOR= 0.00000   SM3/SM3 WGR= 0.00000   SM3/SM3
 STEP   68 TIME=    465.00  DAYS (   +10.0  DAYS MAXS  6 ITS) (10-APR-2016)
  PAV=   197.6  BARSA  WCT=0.199 GOR= 0.00000   SM3/SM3 WGR= 0.00000   SM3/SM3
 STEP   69 TIME=    475.00  DAYS (   +10.0  DAYS MAXS  6 ITS) (20-APR-2016)
  PAV=   197.7  BARSA  WCT=0.206 GOR= 0.00000   SM3/SM3 WGR= 0.00000   SM3/SM3
 STEP   70 TIME=    485.00  DAYS (   +10.0  DAYS MAXS  5 ITS) (30-APR-2016)
  PAV=   197.7  BARSA  WCT=0.214 GOR= 0.00000   SM3/SM3 WGR= 0.00000   SM3/SM3
 STEP   71 TIME=    495.00  DAYS (   +10.0  DAYS MAXS  6 ITS) (10-MAY-2016)
  PAV=   197.7  BARSA  WCT=0.222 GOR= 0.00000   SM3/SM3 WGR= 0.00000   SM3/SM3
 STEP   72 TIME=    505.00  DAYS (   +10.0  DAYS MAXS  6 ITS) (20-MAY-2016)
  PAV=   197.7  BARSA  WCT=0.230 GOR= 0.00000   SM3/SM3 WGR= 0.00000   SM3/SM3
 STEP   73 TIME=    515.00  DAYS (   +10.0  DAYS MAXS  6 ITS) (30-MAY-2016)
  PAV=   197.8  BARSA  WCT=0.238 GOR= 0.00000   SM3/SM3 WGR= 0.00000   SM3/SM3
 STEP   74 TIME=    525.00  DAYS (   +10.0  DAYS MAXS  6 ITS) (9-JUN-2016)
  PAV=   197.8  BARSA  WCT=0.246 GOR= 0.00000   SM3/SM3 WGR= 0.00000   SM3/SM3
 STEP   75 TIME=    535.00  DAYS (   +10.0  DAYS MAXS  6 ITS) (19-JUN-2016)
  PAV=   197.8  BARSA  WCT=0.254 GOR= 0.00000   SM3/SM3 WGR= 0.00000   SM3/SM3
 STEP   76 TIME=    545.00  DAYS (   +10.0  DAYS MAXS  6 ITS) (29-JUN-2016)
  PAV=   197.9  BARSA  WCT=0.262 GOR= 0.00000   SM3/SM3 WGR= 0.00000   SM3/SM3
 STEP   77 TIME=    555.00  DAYS (   +10.0  DAYS MAXS  6 ITS) (9-JLY-2016)
  PAV=   197.9  BARSA  WCT=0.270 GOR= 0.00000   SM3/SM3 WGR= 0.00000   SM3/SM3
 STEP   78 TIME=    565.00  DAYS (   +10.0  DAYS MAXS  6 ITS) (19-JLY-2016)
  PAV=   197.9  BARSA  WCT=0.279 GOR= 0.00000   SM3/SM3 WGR= 0.00000   SM3/SM3
 STEP   79 TIME=    575.00  DAYS (   +10.0  DAYS MAXS  6 ITS) (29-JLY-2016)
  PAV=   198.0  BARSA  WCT=0.287 GOR= 0.00000   SM3/SM3 WGR= 0.00000   SM3/SM3
 STEP   80 TIME=    585.00  DAYS (   +10.0  DAYS MAXS  6 ITS) (8-AUG-2016)
  PAV=   198.0  BARSA  WCT=0.295 GOR= 0.00000   SM3/SM3 WGR= 0.00000   SM3/SM3
 STEP   81 TIME=    595.00  DAYS (   +10.0  DAYS MAXS  6 ITS) (18-AUG-2016)
  PAV=   198.1  BARSA  WCT=0.303 GOR= 0.00000   SM3/SM3 WGR= 0.00000   SM3/SM3
 STEP   82 TIME=    605.00  DAYS (   +10.0  DAYS MAXS  6 ITS) (28-AUG-2016)
  PAV=   198.1  BARSA  WCT=0.311 GOR= 0.00000   SM3/SM3 WGR= 0.00000   SM3/SM3
 STEP   83 TIME=    615.00  DAYS (   +10.0  DAYS MAXS  6 ITS) (7-SEP-2016)
  PAV=   198.1  BARSA  WCT=0.318 GOR= 0.00000   SM3/SM3 WGR= 0.00000   SM3/SM3
 STEP   84 TIME=    625.00  DAYS (   +10.0  DAYS MAXS  6 ITS) (17-SEP-2016)
  PAV=   198.1  BARSA  WCT=0.325 GOR= 0.00000   SM3/SM3 WGR= 0.00000   SM3/SM3
 STEP   85 TIME=    635.00  DAYS (   +10.0  DAYS MAXS  5 ITS) (27-SEP-2016)
  PAV=   198.2  BARSA  WCT=0.333 GOR= 0.00000   SM3/SM3 WGR= 0.00000   SM3/SM3
 STEP   86 TIME=    645.00  DAYS (   +10.0  DAYS MAXS  6 ITS) (7-OCT-2016)
  PAV=   198.2  BARSA  WCT=0.340 GOR= 0.00000   SM3/SM3 WGR= 0.00000   SM3/SM3
 STEP   87 TIME=    655.00  DAYS (   +10.0  DAYS MAXS  6 ITS) (17-OCT-2016)
  PAV=   198.2  BARSA  WCT=0.347 GOR= 0.00000   SM3/SM3 WGR= 0.00000   SM3/SM3
 STEP   88 TIME=    665.00  DAYS (   +10.0  DAYS MAXS  7 ITS) (27-OCT-2016)
  PAV=   198.3  BARSA  WCT=0.354 GOR= 0.00000   SM3/SM3 WGR= 0.00000   SM3/SM3
 STEP   89 TIME=    675.00  DAYS (   +10.0  DAYS MAXS  6 ITS) (6-NOV-2016)
  PAV=   198.3  BARSA  WCT=0.361 GOR= 0.00000   SM3/SM3 WGR= 0.00000   SM3/SM3
 STEP   90 TIME=    685.00  DAYS (   +10.0  DAYS MAXS  7 ITS) (16-NOV-2016)
  PAV=   198.3  BARSA  WCT=0.368 GOR= 0.00000   SM3/SM3 WGR= 0.00000   SM3/SM3
 STEP   91 TIME=    695.00  DAYS (   +10.0  DAYS MAXS  7 ITS) (26-NOV-2016)
  PAV=   198.3  BARSA  WCT=0.375 GOR= 0.00000   SM3/SM3 WGR= 0.00000   SM3/SM3
 STEP   92 TIME=    705.00  DAYS (   +10.0  DAYS MAXS  6 ITS) (6-DEC-2016)
  PAV=   198.4  BARSA  WCT=0.382 GOR= 0.00000   SM3/SM3 WGR= 0.00000   SM3/SM3
 STEP   93 TIME=    715.00  DAYS (   +10.0  DAYS MAXS  6 ITS) (16-DEC-2016)
  PAV=   198.4  BARSA  WCT=0.389 GOR= 0.00000   SM3/SM3 WGR= 0.00000   SM3/SM3
 STEP   94 TIME=    722.50  DAYS (    +7.5  DAYS HALF  6 ITS) (23-DEC-2016)
  PAV=   198.4  BARSA  WCT=0.394 GOR= 0.00000   SM3/SM3 WGR= 0.00000   SM3/SM3
 STEP   95 TIME=    730.00  DAYS (    +7.5  DAYS REPT  7 ITS) (31-DEC-2016)
  PAV=   198.4  BARSA  WCT=0.400 GOR= 0.00000   SM3/SM3 WGR= 0.00000   SM3/SM3

 @--MESSAGE  AT TIME      730.0   DAYS    (31-DEC-2016):
 @           RESTART FILE WRITTEN   REPORT     2
 STEP   96 TIME=    740.00  DAYS (   +10.0  DAYS MAXS  7 ITS) (10-JAN-2017)
  PAV=   198.5  BARSA  WCT=0.407 GOR= 0.00000   SM3/SM3 WGR= 0.00000   SM3/SM3
 STEP   97 TIME=    750.00  DAYS (   +10.0  DAYS MAXS  8 ITS) (20-JAN-2017)
  PAV=   198.5  BARSA  WCT=0.414 GOR= 0.00000   SM3/SM3 WGR= 0.00000   SM3/SM3
 STEP   98 TIME=    760.00  DAYS (   +10.0  DAYS MAXS  7 ITS) (30-JAN-2017)
  PAV=   198.5  BARSA  WCT=0.422 GOR= 0.00000   SM3/SM3 WGR= 0.00000   SM3/SM3
 STEP   99 TIME=    770.00  DAYS (   +10.0  DAYS MAXS  7 ITS) (9-FEB-2017)
  PAV=   198.6  BARSA  WCT=0.429 GOR= 0.00000   SM3/SM3 WGR= 0.00000   SM3/SM3
 STEP  100 TIME=    780.00  DAYS (   +10.0  DAYS MAXS  6 ITS) (19-FEB-2017)
  PAV=   198.6  BARSA  WCT=0.437 GOR= 0.00000   SM3/SM3 WGR= 0.00000   SM3/SM3
 STEP  101 TIME=    790.00  DAYS (   +10.0  DAYS MAXS  6 ITS) (1-MAR-2017)
  PAV=   198.6  BARSA  WCT=0.444 GOR= 0.00000   SM3/SM3 WGR= 0.00000   SM3/SM3
 STEP  102 TIME=    800.00  DAYS (   +10.0  DAYS MAXS  8 ITS) (11-MAR-2017)
  PAV=   198.6  BARSA  WCT=0.451 GOR= 0.00000   SM3/SM3 WGR= 0.00000   SM3/SM3
 STEP  103 TIME=    810.00  DAYS (   +10.0  DAYS MAXS  7 ITS) (21-MAR-2017)
  PAV=   198.7  BARSA  WCT=0.457 GOR= 0.00000   SM3/SM3 WGR= 0.00000   SM3/SM3
 STEP  104 TIME=    820.00  DAYS (   +10.0  DAYS MAXS  7 ITS) (31-MAR-2017)
  PAV=   198.7  BARSA  WCT=0.463 GOR= 0.00000   SM3/SM3 WGR= 0.00000   SM3/SM3
 STEP  105 TIME=    830.00  DAYS (   +10.0  DAYS MAXS  6 ITS) (10-APR-2017)
  PAV=   198.7  BARSA  WCT=0.469 GOR= 0.00000   SM3/SM3 WGR= 0.00000   SM3/SM3
 STEP  106 TIME=    840.00  DAYS (   +10.0  DAYS MAXS  6 ITS) (20-APR-2017)
  PAV=   198.7  BARSA  WCT=0.475 GOR= 0.00000   SM3/SM3 WGR= 0.00000   SM3/SM3
 STEP  107 TIME=    850.00  DAYS (   +10.0  DAYS MAXS  5 ITS) (30-APR-2017)
  PAV=   198.7  BARSA  WCT=0.480 GOR= 0.00000   SM3/SM3 WGR= 0.00000   SM3/SM3
 STEP  108 TIME=    860.00  DAYS (   +10.0  DAYS MAXS  5 ITS) (10-MAY-2017)
  PAV=   198.7  BARSA  WCT=0.485 GOR= 0.00000   SM3/SM3 WGR= 0.00000   SM3/SM3
 STEP  109 TIME=    870.00  DAYS (   +10.0  DAYS MAXS  6 ITS) (20-MAY-2017)
  PAV=   198.7  BARSA  WCT=0.490 GOR= 0.00000   SM3/SM3 WGR= 0.00000   SM3/SM3
 STEP  110 TIME=    880.00  DAYS (   +10.0  DAYS MAXS  6 ITS) (30-MAY-2017)
  PAV=   198.8  BARSA  WCT=0.495 GOR= 0.00000   SM3/SM3 WGR= 0.00000   SM3/SM3
 STEP  111 TIME=    890.00  DAYS (   +10.0  DAYS MAXS  7 ITS) (9-JUN-2017)
  PAV=   198.8  BARSA  WCT=0.500 GOR= 0.00000   SM3/SM3 WGR= 0.00000   SM3/SM3
 STEP  112 TIME=    900.00  DAYS (   +10.0  DAYS MAXS  7 ITS) (19-JUN-2017)
  PAV=   198.8  BARSA  WCT=0.505 GOR= 0.00000   SM3/SM3 WGR= 0.00000   SM3/SM3
 STEP  113 TIME=    910.00  DAYS (   +10.0  DAYS MAXS  6 ITS) (29-JUN-2017)
  PAV=   198.8  BARSA  WCT=0.510 GOR= 0.00000   SM3/SM3 WGR= 0.00000   SM3/SM3
 STEP  114 TIME=    920.00  DAYS (   +10.0  DAYS MAXS  5 ITS) (9-JLY-2017)
  PAV=   198.8  BARSA  WCT=0.514 GOR= 0.00000   SM3/SM3 WGR= 0.00000   SM3/SM3
 STEP  115 TIME=    930.00  DAYS (   +10.0  DAYS MAXS  6 ITS) (19-JLY-2017)
  PAV=   198.8  BARSA  WCT=0.519 GOR= 0.00000   SM3/SM3 WGR= 0.00000   SM3/SM3
 STEP  116 TIME=    940.00  DAYS (   +10.0  DAYS MAXS  6 ITS) (29-JLY-2017)
  PAV=   198.8  BARSA  WCT=0.523 GOR= 0.00000   SM3/SM3 WGR= 0.00000   SM3/SM3
 STEP  117 TIME=    950.00  DAYS (   +10.0  DAYS MAXS  5 ITS) (8-AUG-2017)
  PAV=   198.8  BARSA  WCT=0.527 GOR= 0.00000   SM3/SM3 WGR= 0.00000   SM3/SM3
 STEP  118 TIME=    960.00  DAYS (   +10.0  DAYS MAXS  5 ITS) (18-AUG-2017)
  PAV=   198.8  BARSA  WCT=0.532 GOR= 0.00000   SM3/SM3 WGR= 0.00000   SM3/SM3
 STEP  119 TIME=    970.00  DAYS (   +10.0  DAYS MAXS  5 ITS) (28-AUG-2017)
  PAV=   198.8  BARSA  WCT=0.536 GOR= 0.00000   SM3/SM3 WGR= 0.00000   SM3/SM3
 STEP  120 TIME=    980.00  DAYS (   +10.0  DAYS MAXS  6 ITS) (7-SEP-2017)
  PAV=   198.8  BARSA  WCT=0.540 GOR= 0.00000   SM3/SM3 WGR= 0.00000   SM3/SM3
 STEP  121 TIME=    990.00  DAYS (   +10.0  DAYS MAXS  6 ITS) (17-SEP-2017)
  PAV=   198.9  BARSA  WCT=0.544 GOR= 0.00000   SM3/SM3 WGR= 0.00000   SM3/SM3
 STEP  122 TIME=   1000.00  DAYS (   +10.0  DAYS MAXS  5 ITS) (27-SEP-2017)
  PAV=   198.9  BARSA  WCT=0.549 GOR= 0.00000   SM3/SM3 WGR= 0.00000   SM3/SM3
 STEP  123 TIME=   1010.00  DAYS (   +10.0  DAYS MAXS  5 ITS) (7-OCT-2017)
  PAV=   198.9  BARSA  WCT=0.553 GOR= 0.00000   SM3/SM3 WGR= 0.00000   SM3/SM3
 STEP  124 TIME=   1020.00  DAYS (   +10.0  DAYS MAXS  5 ITS) (17-OCT-2017)
  PAV=   198.9  BARSA  WCT=0.557 GOR= 0.00000   SM3/SM3 WGR= 0.00000   SM3/SM3
 STEP  125 TIME=   1030.00  DAYS (   +10.0  DAYS MAXS  5 ITS) (27-OCT-2017)
  PAV=   198.9  BARSA  WCT=0.561 GOR= 0.00000   SM3/SM3 WGR= 0.00000   SM3/SM3
 STEP  126 TIME=   1040.00  DAYS (   +10.0  DAYS MAXS  6 ITS) (6-NOV-2017)
  PAV=   198.9  BARSA  WCT=0.566 GOR= 0.00000   SM3/SM3 WGR= 0.00000   SM3/SM3
 STEP  127 TIME=   1050.00  DAYS (   +10.0  DAYS MAXS  5 ITS) (16-NOV-2017)
  PAV=   198.9  BARSA  WCT=0.570 GOR= 0.00000   SM3/SM3 WGR= 0.00000   SM3/SM3
 STEP  128 TIME=   1060.00  DAYS (   +10.0  DAYS MAXS  5 ITS) (26-NOV-2017)
  PAV=   198.9  BARSA  WCT=0.574 GOR= 0.00000   SM3/SM3 WGR= 0.00000   SM3/SM3
 STEP  129 TIME=   1070.00  DAYS (   +10.0  DAYS MAXS  5 ITS) (6-DEC-2017)
  PAV=   198.9  BARSA  WCT=0.577 GOR= 0.00000   SM3/SM3 WGR= 0.00000   SM3/SM3
 STEP  130 TIME=   1080.00  DAYS (   +10.0  DAYS MAXS  4 ITS) (16-DEC-2017)
  PAV=   198.9  BARSA  WCT=0.581 GOR= 0.00000   SM3/SM3 WGR= 0.00000   SM3/SM3
 STEP  131 TIME=   1087.50  DAYS (    +7.5  DAYS HALF  4 ITS) (23-DEC-2017)
  PAV=   198.9  BARSA  WCT=0.584 GOR= 0.00000   SM3/SM3 WGR= 0.00000   SM3/SM3
 STEP  132 TIME=   1095.00  DAYS (    +7.5  DAYS REPT  5 ITS) (31-DEC-2017)
  PAV=   198.9  BARSA  WCT=0.587 GOR= 0.00000   SM3/SM3 WGR= 0.00000   SM3/SM3

 @--MESSAGE  AT TIME     1095.0   DAYS    (31-DEC-2017):
 @           RESTART FILE WRITTEN   REPORT     3
 STEP  133 TIME=   1105.00  DAYS (   +10.0  DAYS MAXS  4 ITS) (10-JAN-2018)
  PAV=   198.9  BARSA  WCT=0.590 GOR= 0.00000   SM3/SM3 WGR= 0.00000   SM3/SM3
 STEP  134 TIME=   1115.00  DAYS (   +10.0  DAYS MAXS  5 ITS) (20-JAN-2018)
  PAV=   198.9  BARSA  WCT=0.594 GOR= 0.00000   SM3/SM3 WGR= 0.00000   SM3/SM3
 STEP  135 TIME=   1125.00  DAYS (   +10.0  DAYS MAXS  5 ITS) (30-JAN-2018)
  PAV=   198.9  BARSA  WCT=0.597 GOR= 0.00000   SM3/SM3 WGR= 0.00000   SM3/SM3
 STEP  136 TIME=   1135.00  DAYS (   +10.0  DAYS MAXS  4 ITS) (9-FEB-2018)
  PAV=   198.9  BARSA  WCT=0.601 GOR= 0.00000   SM3/SM3 WGR= 0.00000   SM3/SM3
 STEP  137 TIME=   1145.00  DAYS (   +10.0  DAYS MAXS  5 ITS) (19-FEB-2018)
  PAV=   198.9  BARSA  WCT=0.604 GOR= 0.00000   SM3/SM3 WGR= 0.00000   SM3/SM3
 STEP  138 TIME=   1155.00  DAYS (   +10.0  DAYS MAXS  4 ITS) (1-MAR-2018)
  PAV=   199.0  BARSA  WCT=0.608 GOR= 0.00000   SM3/SM3 WGR= 0.00000   SM3/SM3
 STEP  139 TIME=   1165.00  DAYS (   +10.0  DAYS MAXS  5 ITS) (11-MAR-2018)
  PAV=   199.0  BARSA  WCT=0.611 GOR= 0.00000   SM3/SM3 WGR= 0.00000   SM3/SM3
 STEP  140 TIME=   1175.00  DAYS (   +10.0  DAYS MAXS  5 ITS) (21-MAR-2018)
  PAV=   199.0  BARSA  WCT=0.614 GOR= 0.00000   SM3/SM3 WGR= 0.00000   SM3/SM3
 STEP  141 TIME=   1185.00  DAYS (   +10.0  DAYS MAXS  4 ITS) (31-MAR-2018)
  PAV=   199.0  BARSA  WCT=0.617 GOR= 0.00000   SM3/SM3 WGR= 0.00000   SM3/SM3
 STEP  142 TIME=   1195.00  DAYS (   +10.0  DAYS MAXS  4 ITS) (10-APR-2018)
  PAV=   199.0  BARSA  WCT=0.620 GOR= 0.00000   SM3/SM3 WGR= 0.00000   SM3/SM3
 STEP  143 TIME=   1205.00  DAYS (   +10.0  DAYS MAXS  4 ITS) (20-APR-2018)
  PAV=   199.0  BARSA  WCT=0.623 GOR= 0.00000   SM3/SM3 WGR= 0.00000   SM3/SM3
 STEP  144 TIME=   1215.00  DAYS (   +10.0  DAYS MAXS  4 ITS) (30-APR-2018)
  PAV=   199.0  BARSA  WCT=0.626 GOR= 0.00000   SM3/SM3 WGR= 0.00000   SM3/SM3
 STEP  145 TIME=   1225.00  DAYS (   +10.0  DAYS MAXS  4 ITS) (10-MAY-2018)
  PAV=   199.0  BARSA  WCT=0.629 GOR= 0.00000   SM3/SM3 WGR= 0.00000   SM3/SM3
 STEP  146 TIME=   1235.00  DAYS (   +10.0  DAYS MAXS  4 ITS) (20-MAY-2018)
  PAV=   199.0  BARSA  WCT=0.632 GOR= 0.00000   SM3/SM3 WGR= 0.00000   SM3/SM3
 STEP  147 TIME=   1245.00  DAYS (   +10.0  DAYS MAXS  4 ITS) (30-MAY-2018)
  PAV=   199.0  BARSA  WCT=0.635 GOR= 0.00000   SM3/SM3 WGR= 0.00000   SM3/SM3
 STEP  148 TIME=   1255.00  DAYS (   +10.0  DAYS MAXS  4 ITS) (9-JUN-2018)
  PAV=   199.0  BARSA  WCT=0.638 GOR= 0.00000   SM3/SM3 WGR= 0.00000   SM3/SM3
 STEP  149 TIME=   1265.00  DAYS (   +10.0  DAYS MAXS  4 ITS) (19-JUN-2018)
  PAV=   199.0  BARSA  WCT=0.641 GOR= 0.00000   SM3/SM3 WGR= 0.00000   SM3/SM3
 STEP  150 TIME=   1275.00  DAYS (   +10.0  DAYS MAXS  4 ITS) (29-JUN-2018)
  PAV=   199.0  BARSA  WCT=0.644 GOR= 0.00000   SM3/SM3 WGR= 0.00000   SM3/SM3
 STEP  151 TIME=   1285.00  DAYS (   +10.0  DAYS MAXS  4 ITS) (9-JLY-2018)
  PAV=   199.0  BARSA  WCT=0.647 GOR= 0.00000   SM3/SM3 WGR= 0.00000   SM3/SM3
 STEP  152 TIME=   1295.00  DAYS (   +10.0  DAYS MAXS  4 ITS) (19-JLY-2018)
  PAV=   199.0  BARSA  WCT=0.650 GOR= 0.00000   SM3/SM3 WGR= 0.00000   SM3/SM3
 STEP  153 TIME=   1305.00  DAYS (   +10.0  DAYS MAXS  5 ITS) (29-JLY-2018)
  PAV=   199.0  BARSA  WCT=0.653 GOR= 0.00000   SM3/SM3 WGR= 0.00000   SM3/SM3
 STEP  154 TIME=   1315.00  DAYS (   +10.0  DAYS MAXS  5 ITS) (8-AUG-2018)
  PAV=   199.0  BARSA  WCT=0.655 GOR= 0.00000   SM3/SM3 WGR= 0.00000   SM3/SM3
 STEP  155 TIME=   1325.00  DAYS (   +10.0  DAYS MAXS  4 ITS) (18-AUG-2018)
  PAV=   199.0  BARSA  WCT=0.658 GOR= 0.00000   SM3/SM3 WGR= 0.00000   SM3/SM3
 STEP  156 TIME=   1335.00  DAYS (   +10.0  DAYS MAXS  5 ITS) (28-AUG-2018)
  PAV=   199.0  BARSA  WCT=0.661 GOR= 0.00000   SM3/SM3 WGR= 0.00000   SM3/SM3
 STEP  157 TIME=   1345.00  DAYS (   +10.0  DAYS MAXS  5 ITS) (7-SEP-2018)
  PAV=   199.0  BARSA  WCT=0.664 GOR= 0.00000   SM3/SM3 WGR= 0.00000   SM3/SM3
 STEP  158 TIME=   1355.00  DAYS (   +10.0  DAYS MAXS  4 ITS) (17-SEP-2018)
  PAV=   199.0  BARSA  WCT=0.667 GOR= 0.00000   SM3/SM3 WGR= 0.00000   SM3/SM3
 STEP  159 TIME=   1365.00  DAYS (   +10.0  DAYS MAXS  4 ITS) (27-SEP-2018)
  PAV=   199.0  BARSA  WCT=0.670 GOR= 0.00000   SM3/SM3 WGR= 0.00000   SM3/SM3
 STEP  160 TIME=   1375.00  DAYS (   +10.0  DAYS MAXS  5 ITS) (7-OCT-2018)
  PAV=   199.0  BARSA  WCT=0.672 GOR= 0.00000   SM3/SM3 WGR= 0.00000   SM3/SM3
 STEP  161 TIME=   1385.00  DAYS (   +10.0  DAYS MAXS  5 ITS) (17-OCT-2018)
  PAV=   199.0  BARSA  WCT=0.675 GOR= 0.00000   SM3/SM3 WGR= 0.00000   SM3/SM3
 STEP  162 TIME=   1395.00  DAYS (   +10.0  DAYS MAXS  5 ITS) (27-OCT-2018)
  PAV=   199.0  BARSA  WCT=0.678 GOR= 0.00000   SM3/SM3 WGR= 0.00000   SM3/SM3
 STEP  163 TIME=   1405.00  DAYS (   +10.0  DAYS MAXS  5 ITS) (6-NOV-2018)
  PAV=   199.0  BARSA  WCT=0.680 GOR= 0.00000   SM3/SM3 WGR= 0.00000   SM3/SM3
 STEP  164 TIME=   1415.00  DAYS (   +10.0  DAYS MAXS  4 ITS) (16-NOV-2018)
  PAV=   199.0  BARSA  WCT=0.683 GOR= 0.00000   SM3/SM3 WGR= 0.00000   SM3/SM3
 STEP  165 TIME=   1425.00  DAYS (   +10.0  DAYS MAXS  4 ITS) (26-NOV-2018)
  PAV=   199.0  BARSA  WCT=0.685 GOR= 0.00000   SM3/SM3 WGR= 0.00000   SM3/SM3
 STEP  166 TIME=   1435.00  DAYS (   +10.0  DAYS MAXS  5 ITS) (6-DEC-2018)
  PAV=   199.0  BARSA  WCT=0.687 GOR= 0.00000   SM3/SM3 WGR= 0.00000   SM3/SM3
 STEP  167 TIME=   1445.00  DAYS (   +10.0  DAYS MAXS  4 ITS) (16-DEC-2018)
  PAV=   199.0  BARSA  WCT=0.690 GOR= 0.00000   SM3/SM3 WGR= 0.00000   SM3/SM3
 STEP  168 TIME=   1452.50  DAYS (    +7.5  DAYS HALF  5 ITS) (23-DEC-2018)
  PAV=   199.0  BARSA  WCT=0.691 GOR= 0.00000   SM3/SM3 WGR= 0.00000   SM3/SM3
 STEP  169 TIME=   1460.00  DAYS (    +7.5  DAYS REPT  5 ITS) (31-DEC-2018)
  PAV=   199.0  BARSA  WCT=0.693 GOR= 0.00000   SM3/SM3 WGR= 0.00000   SM3/SM3

 @--MESSAGE  AT TIME     1460.0   DAYS    (31-DEC-2018):
 @           RESTART FILE WRITTEN   REPORT     4
 STEP  170 TIME=   1470.00  DAYS (   +10.0  DAYS MAXS  5 ITS) (10-JAN-2019)
  PAV=   199.0  BARSA  WCT=0.695 GOR= 0.00000   SM3/SM3 WGR= 0.00000   SM3/SM3
 STEP  171 TIME=   1480.00  DAYS (   +10.0  DAYS MAXS  5 ITS) (20-JAN-2019)
  PAV=   199.0  BARSA  WCT=0.697 GOR= 0.00000   SM3/SM3 WGR= 0.00000   SM3/SM3
 STEP  172 TIME=   1490.00  DAYS (   +10.0  DAYS MAXS  5 ITS) (30-JAN-2019)
  PAV=   199.0  BARSA  WCT=0.700 GOR= 0.00000   SM3/SM3 WGR= 0.00000   SM3/SM3
 STEP  173 TIME=   1500.00  DAYS (   +10.0  DAYS MAXS  5 ITS) (9-FEB-2019)
  PAV=   199.0  BARSA  WCT=0.702 GOR= 0.00000   SM3/SM3 WGR= 0.00000   SM3/SM3
 STEP  174 TIME=   1510.00  DAYS (   +10.0  DAYS MAXS  5 ITS) (19-FEB-2019)
  PAV=   199.0  BARSA  WCT=0.704 GOR= 0.00000   SM3/SM3 WGR= 0.00000   SM3/SM3
 STEP  175 TIME=   1520.00  DAYS (   +10.0  DAYS MAXS  5 ITS) (1-MAR-2019)
  PAV=   199.0  BARSA  WCT=0.706 GOR= 0.00000   SM3/SM3 WGR= 0.00000   SM3/SM3
 STEP  176 TIME=   1530.00  DAYS (   +10.0  DAYS MAXS  5 ITS) (11-MAR-2019)
  PAV=   199.0  BARSA  WCT=0.708 GOR= 0.00000   SM3/SM3 WGR= 0.00000   SM3/SM3
 STEP  177 TIME=   1540.00  DAYS (   +10.0  DAYS MAXS  5 ITS) (21-MAR-2019)
  PAV=   199.0  BARSA  WCT=0.710 GOR= 0.00000   SM3/SM3 WGR= 0.00000   SM3/SM3
 STEP  178 TIME=   1550.00  DAYS (   +10.0  DAYS MAXS  5 ITS) (31-MAR-2019)
  PAV=   199.0  BARSA  WCT=0.712 GOR= 0.00000   SM3/SM3 WGR= 0.00000   SM3/SM3
 STEP  179 TIME=   1560.00  DAYS (   +10.0  DAYS MAXS  5 ITS) (10-APR-2019)
  PAV=   199.0  BARSA  WCT=0.713 GOR= 0.00000   SM3/SM3 WGR= 0.00000   SM3/SM3
 STEP  180 TIME=   1570.00  DAYS (   +10.0  DAYS MAXS  5 ITS) (20-APR-2019)
  PAV=   199.0  BARSA  WCT=0.715 GOR= 0.00000   SM3/SM3 WGR= 0.00000   SM3/SM3
 STEP  181 TIME=   1580.00  DAYS (   +10.0  DAYS MAXS  4 ITS) (30-APR-2019)
  PAV=   199.0  BARSA  WCT=0.717 GOR= 0.00000   SM3/SM3 WGR= 0.00000   SM3/SM3
 STEP  182 TIME=   1590.00  DAYS (   +10.0  DAYS MAXS  5 ITS) (10-MAY-2019)
  PAV=   199.0  BARSA  WCT=0.719 GOR= 0.00000   SM3/SM3 WGR= 0.00000   SM3/SM3
 STEP  183 TIME=   1600.00  DAYS (   +10.0  DAYS MAXS  3 ITS) (20-MAY-2019)
  PAV=   199.0  BARSA  WCT=0.721 GOR= 0.00000   SM3/SM3 WGR= 0.00000   SM3/SM3
 STEP  184 TIME=   1610.00  DAYS (   +10.0  DAYS MAXS  4 ITS) (30-MAY-2019)
  PAV=   199.0  BARSA  WCT=0.723 GOR= 0.00000   SM3/SM3 WGR= 0.00000   SM3/SM3
 STEP  185 TIME=   1620.00  DAYS (   +10.0  DAYS MAXS  3 ITS) (9-JUN-2019)
  PAV=   199.0  BARSA  WCT=0.724 GOR= 0.00000   SM3/SM3 WGR= 0.00000   SM3/SM3
 STEP  186 TIME=   1630.00  DAYS (   +10.0  DAYS MAXS  5 ITS) (19-JUN-2019)
  PAV=   199.0  BARSA  WCT=0.726 GOR= 0.00000   SM3/SM3 WGR= 0.00000   SM3/SM3
 STEP  187 TIME=   1640.00  DAYS (   +10.0  DAYS MAXS  3 ITS) (29-JUN-2019)
  PAV=   199.0  BARSA  WCT=0.728 GOR= 0.00000   SM3/SM3 WGR= 0.00000   SM3/SM3
 STEP  188 TIME=   1650.00  DAYS (   +10.0  DAYS MAXS  5 ITS) (9-JLY-2019)
  PAV=   199.0  BARSA  WCT=0.729 GOR= 0.00000   SM3/SM3 WGR= 0.00000   SM3/SM3
 STEP  189 TIME=   1660.00  DAYS (   +10.0  DAYS MAXS  3 ITS) (19-JLY-2019)
  PAV=   199.0  BARSA  WCT=0.731 GOR= 0.00000   SM3/SM3 WGR= 0.00000   SM3/SM3
 STEP  190 TIME=   1670.00  DAYS (   +10.0  DAYS MAXS  5 ITS) (29-JLY-2019)
  PAV=   199.0  BARSA  WCT=0.733 GOR= 0.00000   SM3/SM3 WGR= 0.00000   SM3/SM3
 STEP  191 TIME=   1680.00  DAYS (   +10.0  DAYS MAXS  2 ITS) (8-AUG-2019)
  PAV=   199.0  BARSA  WCT=0.734 GOR= 0.00000   SM3/SM3 WGR= 0.00000   SM3/SM3
 STEP  192 TIME=   1690.00  DAYS (   +10.0  DAYS MAXS  3 ITS) (18-AUG-2019)
  PAV=   199.0  BARSA  WCT=0.736 GOR= 0.00000   SM3/SM3 WGR= 0.00000   SM3/SM3
 STEP  193 TIME=   1700.00  DAYS (   +10.0  DAYS MAXS  2 ITS) (28-AUG-2019)
  PAV=   199.0  BARSA  WCT=0.737 GOR= 0.00000   SM3/SM3 WGR= 0.00000   SM3/SM3
 STEP  194 TIME=   1710.00  DAYS (   +10.0  DAYS MAXS  2 ITS) (7-SEP-2019)
  PAV=   199.0  BARSA  WCT=0.739 GOR= 0.00000   SM3/SM3 WGR= 0.00000   SM3/SM3
 STEP  195 TIME=   1720.00  DAYS (   +10.0  DAYS MAXS  3 ITS) (17-SEP-2019)
  PAV=   199.0  BARSA  WCT=0.740 GOR= 0.00000   SM3/SM3 WGR= 0.00000   SM3/SM3
 STEP  196 TIME=   1730.00  DAYS (   +10.0  DAYS MAXS  2 ITS) (27-SEP-2019)
  PAV=   199.0  BARSA  WCT=0.742 GOR= 0.00000   SM3/SM3 WGR= 0.00000   SM3/SM3
 STEP  197 TIME=   1740.00  DAYS (   +10.0  DAYS MAXS  3 ITS) (7-OCT-2019)
  PAV=   199.0  BARSA  WCT=0.743 GOR= 0.00000   SM3/SM3 WGR= 0.00000   SM3/SM3
 STEP  198 TIME=   1750.00  DAYS (   +10.0  DAYS MAXS  3 ITS) (17-OCT-2019)
  PAV=   199.0  BARSA  WCT=0.745 GOR= 0.00000   SM3/SM3 WGR= 0.00000   SM3/SM3
 STEP  199 TIME=   1760.00  DAYS (   +10.0  DAYS MAXS  3 ITS) (27-OCT-2019)
  PAV=   199.0  BARSA  WCT=0.746 GOR= 0.00000   SM3/SM3 WGR= 0.00000   SM3/SM3
 STEP  200 TIME=   1770.00  DAYS (   +10.0  DAYS MAXS  3 ITS) (6-NOV-2019)
  PAV=   199.0  BARSA  WCT=0.748 GOR= 0.00000   SM3/SM3 WGR= 0.00000   SM3/SM3
 STEP  201 TIME=   1780.00  DAYS (   +10.0  DAYS MAXS  3 ITS) (16-NOV-2019)
  PAV=   199.0  BARSA  WCT=0.749 GOR= 0.00000   SM3/SM3 WGR= 0.00000   SM3/SM3
 STEP  202 TIME=   1790.00  DAYS (   +10.0  DAYS MAXS  3 ITS) (26-NOV-2019)
  PAV=   199.0  BARSA  WCT=0.750 GOR= 0.00000   SM3/SM3 WGR= 0.00000   SM3/SM3
 STEP  203 TIME=   1800.00  DAYS (   +10.0  DAYS MAXS  3 ITS) (6-DEC-2019)
  PAV=   199.0  BARSA  WCT=0.752 GOR= 0.00000   SM3/SM3 WGR= 0.00000   SM3/SM3
 STEP  204 TIME=   1810.00  DAYS (   +10.0  DAYS MAXS  2 ITS) (16-DEC-2019)
  PAV=   199.0  BARSA  WCT=0.753 GOR= 0.00000   SM3/SM3 WGR= 0.00000   SM3/SM3
 STEP  205 TIME=   1817.50  DAYS (    +7.5  DAYS HALF  2 ITS) (23-DEC-2019)
  PAV=   199.0  BARSA  WCT=0.754 GOR= 0.00000   SM3/SM3 WGR= 0.00000   SM3/SM3
 STEP  206 TIME=   1825.00  DAYS (    +7.5  DAYS REPT  3 ITS) (31-DEC-2019)
  PAV=   199.0  BARSA  WCT=0.755 GOR= 0.00000   SM3/SM3 WGR= 0.00000   SM3/SM3

 @--MESSAGE  AT TIME     1825.0   DAYS    (31-DEC-2019):
 @           RESTART FILE WRITTEN   REPORT     5
 STEP  207 TIME=   1835.00  DAYS (   +10.0  DAYS MAXS  2 ITS) (10-JAN-2020)
  PAV=   199.0  BARSA  WCT=0.757 GOR= 0.00000   SM3/SM3 WGR= 0.00000   SM3/SM3
 STEP  208 TIME=   1845.00  DAYS (   +10.0  DAYS MAXS  2 ITS) (20-JAN-2020)
  PAV=   199.0  BARSA  WCT=0.758 GOR= 0.00000   SM3/SM3 WGR= 0.00000   SM3/SM3
 STEP  209 TIME=   1855.00  DAYS (   +10.0  DAYS MAXS  3 ITS) (30-JAN-2020)
  PAV=   199.0  BARSA  WCT=0.759 GOR= 0.00000   SM3/SM3 WGR= 0.00000   SM3/SM3
 STEP  210 TIME=   1865.00  DAYS (   +10.0  DAYS MAXS  2 ITS) (9-FEB-2020)
  PAV=   199.0  BARSA  WCT=0.760 GOR= 0.00000   SM3/SM3 WGR= 0.00000   SM3/SM3
 STEP  211 TIME=   1875.00  DAYS (   +10.0  DAYS MAXS  2 ITS) (19-FEB-2020)
  PAV=   199.0  BARSA  WCT=0.762 GOR= 0.00000   SM3/SM3 WGR= 0.00000   SM3/SM3
 STEP  212 TIME=   1885.00  DAYS (   +10.0  DAYS MAXS  2 ITS) (29-FEB-2020)
  PAV=   199.0  BARSA  WCT=0.763 GOR= 0.00000   SM3/SM3 WGR= 0.00000   SM3/SM3
 STEP  213 TIME=   1895.00  DAYS (   +10.0  DAYS MAXS  2 ITS) (10-MAR-2020)
  PAV=   199.0  BARSA  WCT=0.764 GOR= 0.00000   SM3/SM3 WGR= 0.00000   SM3/SM3
 STEP  214 TIME=   1905.00  DAYS (   +10.0  DAYS MAXS  2 ITS) (20-MAR-2020)
  PAV=   199.0  BARSA  WCT=0.766 GOR= 0.00000   SM3/SM3 WGR= 0.00000   SM3/SM3
 STEP  215 TIME=   1915.00  DAYS (   +10.0  DAYS MAXS  2 ITS) (30-MAR-2020)
  PAV=   199.0  BARSA  WCT=0.767 GOR= 0.00000   SM3/SM3 WGR= 0.00000   SM3/SM3
 STEP  216 TIME=   1925.00  DAYS (   +10.0  DAYS MAXS  2 ITS) (9-APR-2020)
  PAV=   199.0  BARSA  WCT=0.768 GOR= 0.00000   SM3/SM3 WGR= 0.00000   SM3/SM3
 STEP  217 TIME=   1935.00  DAYS (   +10.0  DAYS MAXS  2 ITS) (19-APR-2020)
  PAV=   199.0  BARSA  WCT=0.769 GOR= 0.00000   SM3/SM3 WGR= 0.00000   SM3/SM3
 STEP  218 TIME=   1945.00  DAYS (   +10.0  DAYS MAXS  2 ITS) (29-APR-2020)
  PAV=   199.0  BARSA  WCT=0.770 GOR= 0.00000   SM3/SM3 WGR= 0.00000   SM3/SM3
 STEP  219 TIME=   1955.00  DAYS (   +10.0  DAYS MAXS  2 ITS) (9-MAY-2020)
  PAV=   199.0  BARSA  WCT=0.772 GOR= 0.00000   SM3/SM3 WGR= 0.00000   SM3/SM3
 STEP  220 TIME=   1965.00  DAYS (   +10.0  DAYS MAXS  2 ITS) (19-MAY-2020)
  PAV=   199.0  BARSA  WCT=0.773 GOR= 0.00000   SM3/SM3 WGR= 0.00000   SM3/SM3
 STEP  221 TIME=   1975.00  DAYS (   +10.0  DAYS MAXS  2 ITS) (29-MAY-2020)
  PAV=   199.0  BARSA  WCT=0.774 GOR= 0.00000   SM3/SM3 WGR= 0.00000   SM3/SM3
 STEP  222 TIME=   1985.00  DAYS (   +10.0  DAYS MAXS  2 ITS) (8-JUN-2020)
  PAV=   199.0  BARSA  WCT=0.775 GOR= 0.00000   SM3/SM3 WGR= 0.00000   SM3/SM3
 STEP  223 TIME=   1995.00  DAYS (   +10.0  DAYS MAXS  5 ITS) (18-JUN-2020)
  PAV=   199.0  BARSA  WCT=0.776 GOR= 0.00000   SM3/SM3 WGR= 0.00000   SM3/SM3
 STEP  224 TIME=   2005.00  DAYS (   +10.0  DAYS MAXS  2 ITS) (28-JUN-2020)
  PAV=   199.0  BARSA  WCT=0.777 GOR= 0.00000   SM3/SM3 WGR= 0.00000   SM3/SM3
 STEP  225 TIME=   2015.00  DAYS (   +10.0  DAYS MAXS  5 ITS) (8-JLY-2020)
  PAV=   199.0  BARSA  WCT=0.778 GOR= 0.00000   SM3/SM3 WGR= 0.00000   SM3/SM3
 STEP  226 TIME=   2025.00  DAYS (   +10.0  DAYS MAXS  2 ITS) (18-JLY-2020)
  PAV=   199.0  BARSA  WCT=0.780 GOR= 0.00000   SM3/SM3 WGR= 0.00000   SM3/SM3
 STEP  227 TIME=   2035.00  DAYS (   +10.0  DAYS MAXS  5 ITS) (28-JLY-2020)
  PAV=   199.0  BARSA  WCT=0.781 GOR= 0.00000   SM3/SM3 WGR= 0.00000   SM3/SM3
 STEP  228 TIME=   2045.00  DAYS (   +10.0  DAYS MAXS  2 ITS) (7-AUG-2020)
  PAV=   199.0  BARSA  WCT=0.782 GOR= 0.00000   SM3/SM3 WGR= 0.00000   SM3/SM3
 STEP  229 TIME=   2055.00  DAYS (   +10.0  DAYS MAXS  5 ITS) (17-AUG-2020)
  PAV=   199.0  BARSA  WCT=0.783 GOR= 0.00000   SM3/SM3 WGR= 0.00000   SM3/SM3
 STEP  230 TIME=   2065.00  DAYS (   +10.0  DAYS MAXS  3 ITS) (27-AUG-2020)
  PAV=   199.0  BARSA  WCT=0.784 GOR= 0.00000   SM3/SM3 WGR= 0.00000   SM3/SM3
 STEP  231 TIME=   2075.00  DAYS (   +10.0  DAYS MAXS  5 ITS) (6-SEP-2020)
  PAV=   199.0  BARSA  WCT=0.785 GOR= 0.00000   SM3/SM3 WGR= 0.00000   SM3/SM3
 STEP  232 TIME=   2085.00  DAYS (   +10.0  DAYS MAXS  3 ITS) (16-SEP-2020)
  PAV=   199.0  BARSA  WCT=0.786 GOR= 0.00000   SM3/SM3 WGR= 0.00000   SM3/SM3
 STEP  233 TIME=   2095.00  DAYS (   +10.0  DAYS MAXS  2 ITS) (26-SEP-2020)
  PAV=   199.0  BARSA  WCT=0.787 GOR= 0.00000   SM3/SM3 WGR= 0.00000   SM3/SM3
 STEP  234 TIME=   2105.00  DAYS (   +10.0  DAYS MAXS  3 ITS) (6-OCT-2020)
  PAV=   199.0  BARSA  WCT=0.788 GOR= 0.00000   SM3/SM3 WGR= 0.00000   SM3/SM3
 STEP  235 TIME=   2115.00  DAYS (   +10.0  DAYS MAXS  2 ITS) (16-OCT-2020)
  PAV=   199.0  BARSA  WCT=0.789 GOR= 0.00000   SM3/SM3 WGR= 0.00000   SM3/SM3
 STEP  236 TIME=   2125.00  DAYS (   +10.0  DAYS MAXS  4 ITS) (26-OCT-2020)
  PAV=   199.0  BARSA  WCT=0.790 GOR= 0.00000   SM3/SM3 WGR= 0.00000   SM3/SM3
 STEP  237 TIME=   2135.00  DAYS (   +10.0  DAYS MAXS  2 ITS) (5-NOV-2020)
  PAV=   199.0  BARSA  WCT=0.791 GOR= 0.00000   SM3/SM3 WGR= 0.00000   SM3/SM3
 STEP  238 TIME=   2145.00  DAYS (   +10.0  DAYS MAXS  3 ITS) (15-NOV-2020)
  PAV=   199.0  BARSA  WCT=0.792 GOR= 0.00000   SM3/SM3 WGR= 0.00000   SM3/SM3
 STEP  239 TIME=   2155.00  DAYS (   +10.0  DAYS MAXS  3 ITS) (25-NOV-2020)
  PAV=   199.0  BARSA  WCT=0.793 GOR= 0.00000   SM3/SM3 WGR= 0.00000   SM3/SM3
 STEP  240 TIME=   2165.00  DAYS (   +10.0  DAYS MAXS  3 ITS) (5-DEC-2020)
  PAV=   199.0  BARSA  WCT=0.794 GOR= 0.00000   SM3/SM3 WGR= 0.00000   SM3/SM3
 STEP  241 TIME=   2175.00  DAYS (   +10.0  DAYS MAXS  2 ITS) (15-DEC-2020)
  PAV=   199.0  BARSA  WCT=0.795 GOR= 0.00000   SM3/SM3 WGR= 0.00000   SM3/SM3
 STEP  242 TIME=   2182.50  DAYS (    +7.5  DAYS HALF  2 ITS) (22-DEC-2020)
  PAV=   199.0  BARSA  WCT=0.796 GOR= 0.00000   SM3/SM3 WGR= 0.00000   SM3/SM3
 STEP  243 TIME=   2190.00  DAYS (    +7.5  DAYS REPT  2 ITS) (30-DEC-2020)
  PAV=   199.0  BARSA  WCT=0.796 GOR= 0.00000   SM3/SM3 WGR= 0.00000   SM3/SM3

 @--MESSAGE  AT TIME     2190.0   DAYS    (30-DEC-2020):
 @           RESTART FILE WRITTEN   REPORT     6
 STEP  244 TIME=   2200.00  DAYS (   +10.0  DAYS MAXS  3 ITS) (9-JAN-2021)
  PAV=   199.0  BARSA  WCT=0.797 GOR= 0.00000   SM3/SM3 WGR= 0.00000   SM3/SM3
 STEP  245 TIME=   2210.00  DAYS (   +10.0  DAYS MAXS  2 ITS) (19-JAN-2021)
  PAV=   199.0  BARSA  WCT=0.798 GOR= 0.00000   SM3/SM3 WGR= 0.00000   SM3/SM3
 STEP  246 TIME=   2220.00  DAYS (   +10.0  DAYS MAXS  3 ITS) (29-JAN-2021)
  PAV=   199.0  BARSA  WCT=0.799 GOR= 0.00000   SM3/SM3 WGR= 0.00000   SM3/SM3
 STEP  247 TIME=   2230.00  DAYS (   +10.0  DAYS MAXS  2 ITS) (8-FEB-2021)
  PAV=   199.0  BARSA  WCT=0.800 GOR= 0.00000   SM3/SM3 WGR= 0.00000   SM3/SM3
 STEP  248 TIME=   2240.00  DAYS (   +10.0  DAYS MAXS  2 ITS) (18-FEB-2021)
  PAV=   199.0  BARSA  WCT=0.801 GOR= 0.00000   SM3/SM3 WGR= 0.00000   SM3/SM3
 STEP  249 TIME=   2250.00  DAYS (   +10.0  DAYS MAXS  3 ITS) (28-FEB-2021)
  PAV=   199.0  BARSA  WCT=0.802 GOR= 0.00000   SM3/SM3 WGR= 0.00000   SM3/SM3
 STEP  250 TIME=   2260.00  DAYS (   +10.0  DAYS MAXS  3 ITS) (10-MAR-2021)
  PAV=   199.0  BARSA  WCT=0.803 GOR= 0.00000   SM3/SM3 WGR= 0.00000   SM3/SM3
 STEP  251 TIME=   2270.00  DAYS (   +10.0  DAYS MAXS  2 ITS) (20-MAR-2021)
  PAV=   199.0  BARSA  WCT=0.804 GOR= 0.00000   SM3/SM3 WGR= 0.00000   SM3/SM3
 STEP  252 TIME=   2280.00  DAYS (   +10.0  DAYS MAXS  2 ITS) (30-MAR-2021)
  PAV=   199.0  BARSA  WCT=0.804 GOR= 0.00000   SM3/SM3 WGR= 0.00000   SM3/SM3
 STEP  253 TIME=   2290.00  DAYS (   +10.0  DAYS MAXS  3 ITS) (9-APR-2021)
  PAV=   199.0  BARSA  WCT=0.805 GOR= 0.00000   SM3/SM3 WGR= 0.00000   SM3/SM3
 STEP  254 TIME=   2300.00  DAYS (   +10.0  DAYS MAXS  2 ITS) (19-APR-2021)
  PAV=   199.0  BARSA  WCT=0.806 GOR= 0.00000   SM3/SM3 WGR= 0.00000   SM3/SM3
 STEP  255 TIME=   2310.00  DAYS (   +10.0  DAYS MAXS  2 ITS) (29-APR-2021)
  PAV=   199.0  BARSA  WCT=0.807 GOR= 0.00000   SM3/SM3 WGR= 0.00000   SM3/SM3
 STEP  256 TIME=   2320.00  DAYS (   +10.0  DAYS MAXS  2 ITS) (9-MAY-2021)
  PAV=   199.0  BARSA  WCT=0.808 GOR= 0.00000   SM3/SM3 WGR= 0.00000   SM3/SM3
 STEP  257 TIME=   2330.00  DAYS (   +10.0  DAYS MAXS  2 ITS) (19-MAY-2021)
  PAV=   199.0  BARSA  WCT=0.809 GOR= 0.00000   SM3/SM3 WGR= 0.00000   SM3/SM3
 STEP  258 TIME=   2340.00  DAYS (   +10.0  DAYS MAXS  2 ITS) (29-MAY-2021)
  PAV=   199.0  BARSA  WCT=0.809 GOR= 0.00000   SM3/SM3 WGR= 0.00000   SM3/SM3
 STEP  259 TIME=   2350.00  DAYS (   +10.0  DAYS MAXS  2 ITS) (8-JUN-2021)
  PAV=   199.0  BARSA  WCT=0.810 GOR= 0.00000   SM3/SM3 WGR= 0.00000   SM3/SM3
 STEP  260 TIME=   2360.00  DAYS (   +10.0  DAYS MAXS  2 ITS) (18-JUN-2021)
  PAV=   199.0  BARSA  WCT=0.811 GOR= 0.00000   SM3/SM3 WGR= 0.00000   SM3/SM3
 STEP  261 TIME=   2370.00  DAYS (   +10.0  DAYS MAXS  2 ITS) (28-JUN-2021)
  PAV=   199.0  BARSA  WCT=0.812 GOR= 0.00000   SM3/SM3 WGR= 0.00000   SM3/SM3
 STEP  262 TIME=   2380.00  DAYS (   +10.0  DAYS MAXS  2 ITS) (8-JLY-2021)
  PAV=   199.0  BARSA  WCT=0.813 GOR= 0.00000   SM3/SM3 WGR= 0.00000   SM3/SM3
 STEP  263 TIME=   2390.00  DAYS (   +10.0  DAYS MAXS  3 ITS) (18-JLY-2021)
  PAV=   199.0  BARSA  WCT=0.813 GOR= 0.00000   SM3/SM3 WGR= 0.00000   SM3/SM3
 STEP  264 TIME=   2400.00  DAYS (   +10.0  DAYS MAXS  5 ITS) (28-JLY-2021)
  PAV=   199.0  BARSA  WCT=0.814 GOR= 0.00000   SM3/SM3 WGR= 0.00000   SM3/SM3
 STEP  265 TIME=   2410.00  DAYS (   +10.0  DAYS MAXS  2 ITS) (7-AUG-2021)
  PAV=   199.0  BARSA  WCT=0.815 GOR= 0.00000   SM3/SM3 WGR= 0.00000   SM3/SM3
 STEP  266 TIME=   2420.00  DAYS (   +10.0  DAYS MAXS  5 ITS) (17-AUG-2021)
  PAV=   199.0  BARSA  WCT=0.816 GOR= 0.00000   SM3/SM3 WGR= 0.00000   SM3/SM3
 STEP  267 TIME=   2430.00  DAYS (   +10.0  DAYS MAXS  2 ITS) (27-AUG-2021)
  PAV=   199.0  BARSA  WCT=0.816 GOR= 0.00000   SM3/SM3 WGR= 0.00000   SM3/SM3
 STEP  268 TIME=   2440.00  DAYS (   +10.0  DAYS MAXS  5 ITS) (6-SEP-2021)
  PAV=   199.0  BARSA  WCT=0.817 GOR= 0.00000   SM3/SM3 WGR= 0.00000   SM3/SM3
 STEP  269 TIME=   2450.00  DAYS (   +10.0  DAYS MAXS  2 ITS) (16-SEP-2021)
  PAV=   199.0  BARSA  WCT=0.818 GOR= 0.00000   SM3/SM3 WGR= 0.00000   SM3/SM3
 STEP  270 TIME=   2460.00  DAYS (   +10.0  DAYS MAXS  5 ITS) (26-SEP-2021)
  PAV=   199.0  BARSA  WCT=0.819 GOR= 0.00000   SM3/SM3 WGR= 0.00000   SM3/SM3
 STEP  271 TIME=   2470.00  DAYS (   +10.0  DAYS MAXS  3 ITS) (6-OCT-2021)
  PAV=   199.0  BARSA  WCT=0.819 GOR= 0.00000   SM3/SM3 WGR= 0.00000   SM3/SM3
 STEP  272 TIME=   2480.00  DAYS (   +10.0  DAYS MAXS  5 ITS) (16-OCT-2021)
  PAV=   199.0  BARSA  WCT=0.820 GOR= 0.00000   SM3/SM3 WGR= 0.00000   SM3/SM3
 STEP  273 TIME=   2490.00  DAYS (   +10.0  DAYS MAXS  3 ITS) (26-OCT-2021)
  PAV=   199.0  BARSA  WCT=0.821 GOR= 0.00000   SM3/SM3 WGR= 0.00000   SM3/SM3
 STEP  274 TIME=   2500.00  DAYS (   +10.0  DAYS MAXS  2 ITS) (5-NOV-2021)
  PAV=   199.0  BARSA  WCT=0.822 GOR= 0.00000   SM3/SM3 WGR= 0.00000   SM3/SM3
 STEP  275 TIME=   2510.00  DAYS (   +10.0  DAYS MAXS  2 ITS) (15-NOV-2021)
  PAV=   199.0  BARSA  WCT=0.822 GOR= 0.00000   SM3/SM3 WGR= 0.00000   SM3/SM3
 STEP  276 TIME=   2520.00  DAYS (   +10.0  DAYS MAXS  3 ITS) (25-NOV-2021)
  PAV=   199.0  BARSA  WCT=0.823 GOR= 0.00000   SM3/SM3 WGR= 0.00000   SM3/SM3
 STEP  277 TIME=   2530.00  DAYS (   +10.0  DAYS MAXS  2 ITS) (5-DEC-2021)
  PAV=   199.0  BARSA  WCT=0.824 GOR= 0.00000   SM3/SM3 WGR= 0.00000   SM3/SM3
 STEP  278 TIME=   2540.00  DAYS (   +10.0  DAYS MAXS  3 ITS) (15-DEC-2021)
  PAV=   199.0  BARSA  WCT=0.824 GOR= 0.00000   SM3/SM3 WGR= 0.00000   SM3/SM3
 STEP  279 TIME=   2547.50  DAYS (    +7.5  DAYS HALF  2 ITS) (22-DEC-2021)
  PAV=   199.0  BARSA  WCT=0.825 GOR= 0.00000   SM3/SM3 WGR= 0.00000   SM3/SM3
 STEP  280 TIME=   2555.00  DAYS (    +7.5  DAYS REPT  3 ITS) (30-DEC-2021)
  PAV=   199.0  BARSA  WCT=0.825 GOR= 0.00000   SM3/SM3 WGR= 0.00000   SM3/SM3

 @--MESSAGE  AT TIME     2555.0   DAYS    (30-DEC-2021):
 @           RESTART FILE WRITTEN   REPORT     7
 STEP  281 TIME=   2565.00  DAYS (   +10.0  DAYS MAXS  2 ITS) (9-JAN-2022)
  PAV=   199.0  BARSA  WCT=0.826 GOR= 0.00000   SM3/SM3 WGR= 0.00000   SM3/SM3
 STEP  282 TIME=   2575.00  DAYS (   +10.0  DAYS MAXS  2 ITS) (19-JAN-2022)
  PAV=   199.0  BARSA  WCT=0.827 GOR= 0.00000   SM3/SM3 WGR= 0.00000   SM3/SM3
 STEP  283 TIME=   2585.00  DAYS (   +10.0  DAYS MAXS  3 ITS) (29-JAN-2022)
  PAV=   199.0  BARSA  WCT=0.827 GOR= 0.00000   SM3/SM3 WGR= 0.00000   SM3/SM3
 STEP  284 TIME=   2595.00  DAYS (   +10.0  DAYS MAXS  2 ITS) (8-FEB-2022)
  PAV=   199.0  BARSA  WCT=0.828 GOR= 0.00000   SM3/SM3 WGR= 0.00000   SM3/SM3
 STEP  285 TIME=   2605.00  DAYS (   +10.0  DAYS MAXS  2 ITS) (18-FEB-2022)
  PAV=   199.0  BARSA  WCT=0.829 GOR= 0.00000   SM3/SM3 WGR= 0.00000   SM3/SM3
 STEP  286 TIME=   2615.00  DAYS (   +10.0  DAYS MAXS  2 ITS) (28-FEB-2022)
  PAV=   199.0  BARSA  WCT=0.829 GOR= 0.00000   SM3/SM3 WGR= 0.00000   SM3/SM3
 STEP  287 TIME=   2625.00  DAYS (   +10.0  DAYS MAXS  2 ITS) (10-MAR-2022)
  PAV=   199.0  BARSA  WCT=0.830 GOR= 0.00000   SM3/SM3 WGR= 0.00000   SM3/SM3
 STEP  288 TIME=   2635.00  DAYS (   +10.0  DAYS MAXS  2 ITS) (20-MAR-2022)
  PAV=   199.0  BARSA  WCT=0.831 GOR= 0.00000   SM3/SM3 WGR= 0.00000   SM3/SM3
 STEP  289 TIME=   2645.00  DAYS (   +10.0  DAYS MAXS  2 ITS) (30-MAR-2022)
  PAV=   199.0  BARSA  WCT=0.831 GOR= 0.00000   SM3/SM3 WGR= 0.00000   SM3/SM3
 STEP  290 TIME=   2655.00  DAYS (   +10.0  DAYS MAXS  2 ITS) (9-APR-2022)
  PAV=   199.0  BARSA  WCT=0.832 GOR= 0.00000   SM3/SM3 WGR= 0.00000   SM3/SM3
 STEP  291 TIME=   2665.00  DAYS (   +10.0  DAYS MAXS  2 ITS) (19-APR-2022)
  PAV=   199.0  BARSA  WCT=0.833 GOR= 0.00000   SM3/SM3 WGR= 0.00000   SM3/SM3
 STEP  292 TIME=   2675.00  DAYS (   +10.0  DAYS MAXS  2 ITS) (29-APR-2022)
  PAV=   199.0  BARSA  WCT=0.833 GOR= 0.00000   SM3/SM3 WGR= 0.00000   SM3/SM3
 STEP  293 TIME=   2685.00  DAYS (   +10.0  DAYS MAXS  2 ITS) (9-MAY-2022)
  PAV=   199.0  BARSA  WCT=0.834 GOR= 0.00000   SM3/SM3 WGR= 0.00000   SM3/SM3
 STEP  294 TIME=   2695.00  DAYS (   +10.0  DAYS MAXS  2 ITS) (19-MAY-2022)
  PAV=   199.0  BARSA  WCT=0.834 GOR= 0.00000   SM3/SM3 WGR= 0.00000   SM3/SM3
 STEP  295 TIME=   2705.00  DAYS (   +10.0  DAYS MAXS  2 ITS) (29-MAY-2022)
  PAV=   199.0  BARSA  WCT=0.835 GOR= 0.00000   SM3/SM3 WGR= 0.00000   SM3/SM3
 STEP  296 TIME=   2715.00  DAYS (   +10.0  DAYS MAXS  2 ITS) (8-JUN-2022)
  PAV=   199.0  BARSA  WCT=0.836 GOR= 0.00000   SM3/SM3 WGR= 0.00000   SM3/SM3
 STEP  297 TIME=   2725.00  DAYS (   +10.0  DAYS MAXS  2 ITS) (18-JUN-2022)
  PAV=   199.0  BARSA  WCT=0.836 GOR= 0.00000   SM3/SM3 WGR= 0.00000   SM3/SM3
 STEP  298 TIME=   2735.00  DAYS (   +10.0  DAYS MAXS  4 ITS) (28-JUN-2022)
  PAV=   199.0  BARSA  WCT=0.837 GOR= 0.00000   SM3/SM3 WGR= 0.00000   SM3/SM3
 STEP  299 TIME=   2745.00  DAYS (   +10.0  DAYS MAXS  2 ITS) (8-JLY-2022)
  PAV=   199.0  BARSA  WCT=0.837 GOR= 0.00000   SM3/SM3 WGR= 0.00000   SM3/SM3
 STEP  300 TIME=   2755.00  DAYS (   +10.0  DAYS MAXS  2 ITS) (18-JLY-2022)
  PAV=   199.0  BARSA  WCT=0.838 GOR= 0.00000   SM3/SM3 WGR= 0.00000   SM3/SM3
 STEP  301 TIME=   2765.00  DAYS (   +10.0  DAYS MAXS  3 ITS) (28-JLY-2022)
  PAV=   199.0  BARSA  WCT=0.839 GOR= 0.00000   SM3/SM3 WGR= 0.00000   SM3/SM3
 STEP  302 TIME=   2775.00  DAYS (   +10.0  DAYS MAXS  2 ITS) (7-AUG-2022)
  PAV=   199.0  BARSA  WCT=0.839 GOR= 0.00000   SM3/SM3 WGR= 0.00000   SM3/SM3
 STEP  303 TIME=   2785.00  DAYS (   +10.0  DAYS MAXS  3 ITS) (17-AUG-2022)
  PAV=   199.0  BARSA  WCT=0.840 GOR= 0.00000   SM3/SM3 WGR= 0.00000   SM3/SM3
 STEP  304 TIME=   2795.00  DAYS (   +10.0  DAYS MAXS  3 ITS) (27-AUG-2022)
  PAV=   199.0  BARSA  WCT=0.840 GOR= 0.00000   SM3/SM3 WGR= 0.00000   SM3/SM3
 STEP  305 TIME=   2805.00  DAYS (   +10.0  DAYS MAXS  2 ITS) (6-SEP-2022)
  PAV=   199.0  BARSA  WCT=0.841 GOR= 0.00000   SM3/SM3 WGR= 0.00000   SM3/SM3
 STEP  306 TIME=   2815.00  DAYS (   +10.0  DAYS MAXS  2 ITS) (16-SEP-2022)
  PAV=   199.0  BARSA  WCT=0.841 GOR= 0.00000   SM3/SM3 WGR= 0.00000   SM3/SM3
 STEP  307 TIME=   2825.00  DAYS (   +10.0  DAYS MAXS  2 ITS) (26-SEP-2022)
  PAV=   199.0  BARSA  WCT=0.842 GOR= 0.00000   SM3/SM3 WGR= 0.00000   SM3/SM3
 STEP  308 TIME=   2835.00  DAYS (   +10.0  DAYS MAXS  2 ITS) (6-OCT-2022)
  PAV=   199.0  BARSA  WCT=0.843 GOR= 0.00000   SM3/SM3 WGR= 0.00000   SM3/SM3
 STEP  309 TIME=   2845.00  DAYS (   +10.0  DAYS MAXS  3 ITS) (16-OCT-2022)
  PAV=   199.0  BARSA  WCT=0.843 GOR= 0.00000   SM3/SM3 WGR= 0.00000   SM3/SM3
 STEP  310 TIME=   2855.00  DAYS (   +10.0  DAYS MAXS  3 ITS) (26-OCT-2022)
  PAV=   199.0  BARSA  WCT=0.844 GOR= 0.00000   SM3/SM3 WGR= 0.00000   SM3/SM3
 STEP  311 TIME=   2865.00  DAYS (   +10.0  DAYS MAXS  3 ITS) (5-NOV-2022)
  PAV=   199.0  BARSA  WCT=0.844 GOR= 0.00000   SM3/SM3 WGR= 0.00000   SM3/SM3
 STEP  312 TIME=   2875.00  DAYS (   +10.0  DAYS MAXS  2 ITS) (15-NOV-2022)
  PAV=   199.0  BARSA  WCT=0.845 GOR= 0.00000   SM3/SM3 WGR= 0.00000   SM3/SM3
 STEP  313 TIME=   2885.00  DAYS (   +10.0  DAYS MAXS  2 ITS) (25-NOV-2022)
  PAV=   199.0  BARSA  WCT=0.845 GOR= 0.00000   SM3/SM3 WGR= 0.00000   SM3/SM3
 STEP  314 TIME=   2895.00  DAYS (   +10.0  DAYS MAXS  2 ITS) (5-DEC-2022)
  PAV=   199.0  BARSA  WCT=0.846 GOR= 0.00000   SM3/SM3 WGR= 0.00000   SM3/SM3
 STEP  315 TIME=   2905.00  DAYS (   +10.0  DAYS MAXS  5 ITS) (15-DEC-2022)
  PAV=   199.0  BARSA  WCT=0.846 GOR= 0.00000   SM3/SM3 WGR= 0.00000   SM3/SM3
 STEP  316 TIME=   2912.50  DAYS (    +7.5  DAYS HALF  2 ITS) (22-DEC-2022)
  PAV=   199.0  BARSA  WCT=0.847 GOR= 0.00000   SM3/SM3 WGR= 0.00000   SM3/SM3
 STEP  317 TIME=   2920.00  DAYS (    +7.5  DAYS REPT  4 ITS) (30-DEC-2022)
  PAV=   199.0  BARSA  WCT=0.847 GOR= 0.00000   SM3/SM3 WGR= 0.00000   SM3/SM3

 @--MESSAGE  AT TIME     2920.0   DAYS    (30-DEC-2022):
 @           RESTART FILE WRITTEN   REPORT     8
 STEP  318 TIME=   2930.00  DAYS (   +10.0  DAYS MAXS  3 ITS) (9-JAN-2023)
  PAV=   199.0  BARSA  WCT=0.848 GOR= 0.00000   SM3/SM3 WGR= 0.00000   SM3/SM3
 STEP  319 TIME=   2940.00  DAYS (   +10.0  DAYS MAXS  5 ITS) (19-JAN-2023)
  PAV=   199.0  BARSA  WCT=0.848 GOR= 0.00000   SM3/SM3 WGR= 0.00000   SM3/SM3
 STEP  320 TIME=   2950.00  DAYS (   +10.0  DAYS MAXS  2 ITS) (29-JAN-2023)
  PAV=   199.0  BARSA  WCT=0.849 GOR= 0.00000   SM3/SM3 WGR= 0.00000   SM3/SM3
 STEP  321 TIME=   2960.00  DAYS (   +10.0  DAYS MAXS  4 ITS) (8-FEB-2023)
  PAV=   199.0  BARSA  WCT=0.849 GOR= 0.00000   SM3/SM3 WGR= 0.00000   SM3/SM3
 STEP  322 TIME=   2970.00  DAYS (   +10.0  DAYS MAXS  3 ITS) (18-FEB-2023)
  PAV=   199.0  BARSA  WCT=0.850 GOR= 0.00000   SM3/SM3 WGR= 0.00000   SM3/SM3
 STEP  323 TIME=   2980.00  DAYS (   +10.0  DAYS MAXS  7 ITS) (28-FEB-2023)
  PAV=   199.0  BARSA  WCT=0.850 GOR= 0.00000   SM3/SM3 WGR= 0.00000   SM3/SM3
 STEP  324 TIME=   2990.00  DAYS (   +10.0  DAYS MAXS  3 ITS) (10-MAR-2023)
  PAV=   199.0  BARSA  WCT=0.851 GOR= 0.00000   SM3/SM3 WGR= 0.00000   SM3/SM3
 STEP  325 TIME=   3000.00  DAYS (   +10.0  DAYS MAXS  3 ITS) (20-MAR-2023)
  PAV=   199.0  BARSA  WCT=0.851 GOR= 0.00000   SM3/SM3 WGR= 0.00000   SM3/SM3
 STEP  326 TIME=   3010.00  DAYS (   +10.0  DAYS MAXS  2 ITS) (30-MAR-2023)
  PAV=   199.0  BARSA  WCT=0.852 GOR= 0.00000   SM3/SM3 WGR= 0.00000   SM3/SM3
 STEP  327 TIME=   3020.00  DAYS (   +10.0  DAYS MAXS  2 ITS) (9-APR-2023)
  PAV=   199.0  BARSA  WCT=0.852 GOR= 0.00000   SM3/SM3 WGR= 0.00000   SM3/SM3
 STEP  328 TIME=   3030.00  DAYS (   +10.0  DAYS MAXS  2 ITS) (19-APR-2023)
  PAV=   199.0  BARSA  WCT=0.853 GOR= 0.00000   SM3/SM3 WGR= 0.00000   SM3/SM3
 STEP  329 TIME=   3040.00  DAYS (   +10.0  DAYS MAXS  3 ITS) (29-APR-2023)
  PAV=   199.0  BARSA  WCT=0.853 GOR= 0.00000   SM3/SM3 WGR= 0.00000   SM3/SM3
 STEP  330 TIME=   3050.00  DAYS (   +10.0  DAYS MAXS  3 ITS) (9-MAY-2023)
  PAV=   199.0  BARSA  WCT=0.854 GOR= 0.00000   SM3/SM3 WGR= 0.00000   SM3/SM3
 STEP  331 TIME=   3060.00  DAYS (   +10.0  DAYS MAXS  3 ITS) (19-MAY-2023)
  PAV=   199.0  BARSA  WCT=0.854 GOR= 0.00000   SM3/SM3 WGR= 0.00000   SM3/SM3
 STEP  332 TIME=   3070.00  DAYS (   +10.0  DAYS MAXS  3 ITS) (29-MAY-2023)
  PAV=   199.0  BARSA  WCT=0.855 GOR= 0.00000   SM3/SM3 WGR= 0.00000   SM3/SM3
 STEP  333 TIME=   3080.00  DAYS (   +10.0  DAYS MAXS  2 ITS) (8-JUN-2023)
  PAV=   199.0  BARSA  WCT=0.855 GOR= 0.00000   SM3/SM3 WGR= 0.00000   SM3/SM3
 STEP  334 TIME=   3090.00  DAYS (   +10.0  DAYS MAXS  2 ITS) (18-JUN-2023)
  PAV=   199.0  BARSA  WCT=0.856 GOR= 0.00000   SM3/SM3 WGR= 0.00000   SM3/SM3
 STEP  335 TIME=   3100.00  DAYS (   +10.0  DAYS MAXS  2 ITS) (28-JUN-2023)
  PAV=   199.0  BARSA  WCT=0.856 GOR= 0.00000   SM3/SM3 WGR= 0.00000   SM3/SM3
 STEP  336 TIME=   3110.00  DAYS (   +10.0  DAYS MAXS  3 ITS) (8-JLY-2023)
  PAV=   199.0  BARSA  WCT=0.857 GOR= 0.00000   SM3/SM3 WGR= 0.00000   SM3/SM3
 STEP  337 TIME=   3120.00  DAYS (   +10.0  DAYS MAXS  3 ITS) (18-JLY-2023)
  PAV=   199.0  BARSA  WCT=0.857 GOR= 0.00000   SM3/SM3 WGR= 0.00000   SM3/SM3
 STEP  338 TIME=   3130.00  DAYS (   +10.0  DAYS MAXS  3 ITS) (28-JLY-2023)
  PAV=   199.0  BARSA  WCT=0.858 GOR= 0.00000   SM3/SM3 WGR= 0.00000   SM3/SM3
 STEP  339 TIME=   3140.00  DAYS (   +10.0  DAYS MAXS  3 ITS) (7-AUG-2023)
  PAV=   199.0  BARSA  WCT=0.858 GOR= 0.00000   SM3/SM3 WGR= 0.00000   SM3/SM3
 STEP  340 TIME=   3150.00  DAYS (   +10.0  DAYS MAXS  3 ITS) (17-AUG-2023)
  PAV=   199.0  BARSA  WCT=0.859 GOR= 0.00000   SM3/SM3 WGR= 0.00000   SM3/SM3
 STEP  341 TIME=   3160.00  DAYS (   +10.0  DAYS MAXS  3 ITS) (27-AUG-2023)
  PAV=   199.0  BARSA  WCT=0.859 GOR= 0.00000   SM3/SM3 WGR= 0.00000   SM3/SM3
 STEP  342 TIME=   3170.00  DAYS (   +10.0  DAYS MAXS  2 ITS) (6-SEP-2023)
  PAV=   199.0  BARSA  WCT=0.859 GOR= 0.00000   SM3/SM3 WGR= 0.00000   SM3/SM3
 STEP  343 TIME=   3180.00  DAYS (   +10.0  DAYS MAXS  2 ITS) (16-SEP-2023)
  PAV=   199.0  BARSA  WCT=0.860 GOR= 0.00000   SM3/SM3 WGR= 0.00000   SM3/SM3
 STEP  344 TIME=   3190.00  DAYS (   +10.0  DAYS MAXS  2 ITS) (26-SEP-2023)
  PAV=   199.0  BARSA  WCT=0.860 GOR= 0.00000   SM3/SM3 WGR= 0.00000   SM3/SM3
 STEP  345 TIME=   3200.00  DAYS (   +10.0  DAYS MAXS  2 ITS) (6-OCT-2023)
  PAV=   199.0  BARSA  WCT=0.861 GOR= 0.00000   SM3/SM3 WGR= 0.00000   SM3/SM3
 STEP  346 TIME=   3210.00  DAYS (   +10.0  DAYS MAXS  2 ITS) (16-OCT-2023)
  PAV=   199.0  BARSA  WCT=0.861 GOR= 0.00000   SM3/SM3 WGR= 0.00000   SM3/SM3
 STEP  347 TIME=   3220.00  DAYS (   +10.0  DAYS MAXS  2 ITS) (26-OCT-2023)
  PAV=   199.0  BARSA  WCT=0.862 GOR= 0.00000   SM3/SM3 WGR= 0.00000   SM3/SM3
 STEP  348 TIME=   3230.00  DAYS (   +10.0  DAYS MAXS  6 ITS) (5-NOV-2023)
  PAV=   199.0  BARSA  WCT=0.862 GOR= 0.00000   SM3/SM3 WGR= 0.00000   SM3/SM3
 STEP  349 TIME=   3240.00  DAYS (   +10.0  DAYS MAXS  2 ITS) (15-NOV-2023)
  PAV=   199.0  BARSA  WCT=0.862 GOR= 0.00000   SM3/SM3 WGR= 0.00000   SM3/SM3
 STEP  350 TIME=   3250.00  DAYS (   +10.0  DAYS MAXS  6 ITS) (25-NOV-2023)
  PAV=   199.0  BARSA  WCT=0.863 GOR= 0.00000   SM3/SM3 WGR= 0.00000   SM3/SM3
 STEP  351 TIME=   3260.00  DAYS (   +10.0  DAYS MAXS  2 ITS) (5-DEC-2023)
  PAV=   199.0  BARSA  WCT=0.863 GOR= 0.00000   SM3/SM3 WGR= 0.00000   SM3/SM3
 STEP  352 TIME=   3270.00  DAYS (   +10.0  DAYS MAXS  5 ITS) (15-DEC-2023)
  PAV=   199.0  BARSA  WCT=0.864 GOR= 0.00000   SM3/SM3 WGR= 0.00000   SM3/SM3
 STEP  353 TIME=   3277.50  DAYS (    +7.5  DAYS HALF  3 ITS) (22-DEC-2023)
  PAV=   199.0  BARSA  WCT=0.864 GOR= 0.00000   SM3/SM3 WGR= 0.00000   SM3/SM3
 STEP  354 TIME=   3285.00  DAYS (    +7.5  DAYS REPT  6 ITS) (30-DEC-2023)
  PAV=   199.0  BARSA  WCT=0.864 GOR= 0.00000   SM3/SM3 WGR= 0.00000   SM3/SM3

 @--MESSAGE  AT TIME     3285.0   DAYS    (30-DEC-2023):
 @           RESTART FILE WRITTEN   REPORT     9
 STEP  355 TIME=   3295.00  DAYS (   +10.0  DAYS MAXS  3 ITS) (9-JAN-2024)
  PAV=   199.0  BARSA  WCT=0.865 GOR= 0.00000   SM3/SM3 WGR= 0.00000   SM3/SM3
 STEP  356 TIME=   3305.00  DAYS (   +10.0  DAYS MAXS  5 ITS) (19-JAN-2024)
  PAV=   199.0  BARSA  WCT=0.865 GOR= 0.00000   SM3/SM3 WGR= 0.00000   SM3/SM3
 STEP  357 TIME=   3315.00  DAYS (   +10.0  DAYS MAXS  3 ITS) (29-JAN-2024)
  PAV=   199.0  BARSA  WCT=0.866 GOR= 0.00000   SM3/SM3 WGR= 0.00000   SM3/SM3
 STEP  358 TIME=   3325.00  DAYS (   +10.0  DAYS MAXS  2 ITS) (8-FEB-2024)
  PAV=   199.0  BARSA  WCT=0.866 GOR= 0.00000   SM3/SM3 WGR= 0.00000   SM3/SM3
 STEP  359 TIME=   3335.00  DAYS (   +10.0  DAYS MAXS  2 ITS) (18-FEB-2024)
  PAV=   199.0  BARSA  WCT=0.866 GOR= 0.00000   SM3/SM3 WGR= 0.00000   SM3/SM3
 STEP  360 TIME=   3345.00  DAYS (   +10.0  DAYS MAXS  2 ITS) (28-FEB-2024)
  PAV=   199.0  BARSA  WCT=0.867 GOR= 0.00000   SM3/SM3 WGR= 0.00000   SM3/SM3
 STEP  361 TIME=   3355.00  DAYS (   +10.0  DAYS MAXS  2 ITS) (9-MAR-2024)
  PAV=   199.0  BARSA  WCT=0.867 GOR= 0.00000   SM3/SM3 WGR= 0.00000   SM3/SM3
 STEP  362 TIME=   3365.00  DAYS (   +10.0  DAYS MAXS  3 ITS) (19-MAR-2024)
  PAV=   199.0  BARSA  WCT=0.868 GOR= 0.00000   SM3/SM3 WGR= 0.00000   SM3/SM3
 STEP  363 TIME=   3375.00  DAYS (   +10.0  DAYS MAXS  3 ITS) (29-MAR-2024)
  PAV=   199.0  BARSA  WCT=0.868 GOR= 0.00000   SM3/SM3 WGR= 0.00000   SM3/SM3
 STEP  364 TIME=   3385.00  DAYS (   +10.0  DAYS MAXS  3 ITS) (8-APR-2024)
  PAV=   199.0  BARSA  WCT=0.868 GOR= 0.00000   SM3/SM3 WGR= 0.00000   SM3/SM3
 STEP  365 TIME=   3395.00  DAYS (   +10.0  DAYS MAXS  3 ITS) (18-APR-2024)
  PAV=   199.0  BARSA  WCT=0.869 GOR= 0.00000   SM3/SM3 WGR= 0.00000   SM3/SM3
 STEP  366 TIME=   3405.00  DAYS (   +10.0  DAYS MAXS  2 ITS) (28-APR-2024)
  PAV=   199.0  BARSA  WCT=0.869 GOR= 0.00000   SM3/SM3 WGR= 0.00000   SM3/SM3
 STEP  367 TIME=   3415.00  DAYS (   +10.0  DAYS MAXS  3 ITS) (8-MAY-2024)
  PAV=   199.0  BARSA  WCT=0.870 GOR= 0.00000   SM3/SM3 WGR= 0.00000   SM3/SM3
 STEP  368 TIME=   3425.00  DAYS (   +10.0  DAYS MAXS  2 ITS) (18-MAY-2024)
  PAV=   199.0  BARSA  WCT=0.870 GOR= 0.00000   SM3/SM3 WGR= 0.00000   SM3/SM3
 STEP  369 TIME=   3435.00  DAYS (   +10.0  DAYS MAXS  3 ITS) (28-MAY-2024)
  PAV=   199.0  BARSA  WCT=0.870 GOR= 0.00000   SM3/SM3 WGR= 0.00000   SM3/SM3
 STEP  370 TIME=   3445.00  DAYS (   +10.0  DAYS MAXS  3 ITS) (7-JUN-2024)
  PAV=   199.0  BARSA  WCT=0.871 GOR= 0.00000   SM3/SM3 WGR= 0.00000   SM3/SM3
 STEP  371 TIME=   3455.00  DAYS (   +10.0  DAYS MAXS  3 ITS) (17-JUN-2024)
  PAV=   199.0  BARSA  WCT=0.871 GOR= 0.00000   SM3/SM3 WGR= 0.00000   SM3/SM3
 STEP  372 TIME=   3465.00  DAYS (   +10.0  DAYS MAXS  3 ITS) (27-JUN-2024)
  PAV=   199.0  BARSA  WCT=0.871 GOR= 0.00000   SM3/SM3 WGR= 0.00000   SM3/SM3
 STEP  373 TIME=   3475.00  DAYS (   +10.0  DAYS MAXS  2 ITS) (7-JLY-2024)
  PAV=   199.0  BARSA  WCT=0.872 GOR= 0.00000   SM3/SM3 WGR= 0.00000   SM3/SM3
 STEP  374 TIME=   3485.00  DAYS (   +10.0  DAYS MAXS  2 ITS) (17-JLY-2024)
  PAV=   199.0  BARSA  WCT=0.872 GOR= 0.00000   SM3/SM3 WGR= 0.00000   SM3/SM3
 STEP  375 TIME=   3495.00  DAYS (   +10.0  DAYS MAXS  3 ITS) (27-JLY-2024)
  PAV=   199.0  BARSA  WCT=0.872 GOR= 0.00000   SM3/SM3 WGR= 0.00000   SM3/SM3
 STEP  376 TIME=   3505.00  DAYS (   +10.0  DAYS MAXS  3 ITS) (6-AUG-2024)
  PAV=   199.0  BARSA  WCT=0.873 GOR= 0.00000   SM3/SM3 WGR= 0.00000   SM3/SM3
 STEP  377 TIME=   3515.00  DAYS (   +10.0  DAYS MAXS  3 ITS) (16-AUG-2024)
  PAV=   199.0  BARSA  WCT=0.873 GOR= 0.00000   SM3/SM3 WGR= 0.00000   SM3/SM3
 STEP  378 TIME=   3525.00  DAYS (   +10.0  DAYS MAXS  2 ITS) (26-AUG-2024)
  PAV=   199.0  BARSA  WCT=0.874 GOR= 0.00000   SM3/SM3 WGR= 0.00000   SM3/SM3
 STEP  379 TIME=   3535.00  DAYS (   +10.0  DAYS MAXS  3 ITS) (5-SEP-2024)
  PAV=   199.0  BARSA  WCT=0.874 GOR= 0.00000   SM3/SM3 WGR= 0.00000   SM3/SM3
 STEP  380 TIME=   3545.00  DAYS (   +10.0  DAYS MAXS  3 ITS) (15-SEP-2024)
  PAV=   199.0  BARSA  WCT=0.874 GOR= 0.00000   SM3/SM3 WGR= 0.00000   SM3/SM3
 STEP  381 TIME=   3555.00  DAYS (   +10.0  DAYS MAXS  2 ITS) (25-SEP-2024)
  PAV=   199.0  BARSA  WCT=0.875 GOR= 0.00000   SM3/SM3 WGR= 0.00000   SM3/SM3
 STEP  382 TIME=   3565.00  DAYS (   +10.0  DAYS MAXS  3 ITS) (5-OCT-2024)
  PAV=   199.0  BARSA  WCT=0.875 GOR= 0.00000   SM3/SM3 WGR= 0.00000   SM3/SM3
 STEP  383 TIME=   3575.00  DAYS (   +10.0  DAYS MAXS  3 ITS) (15-OCT-2024)
  PAV=   199.0  BARSA  WCT=0.875 GOR= 0.00000   SM3/SM3 WGR= 0.00000   SM3/SM3
 STEP  384 TIME=   3585.00  DAYS (   +10.0  DAYS MAXS  3 ITS) (25-OCT-2024)
  PAV=   199.0  BARSA  WCT=0.876 GOR= 0.00000   SM3/SM3 WGR= 0.00000   SM3/SM3
 STEP  385 TIME=   3595.00  DAYS (   +10.0  DAYS MAXS  2 ITS) (4-NOV-2024)
  PAV=   199.0  BARSA  WCT=0.876 GOR= 0.00000   SM3/SM3 WGR= 0.00000   SM3/SM3
 STEP  386 TIME=   3605.00  DAYS (   +10.0  DAYS MAXS  2 ITS) (14-NOV-2024)
  PAV=   199.0  BARSA  WCT=0.876 GOR= 0.00000   SM3/SM3 WGR= 0.00000   SM3/SM3
 STEP  387 TIME=   3615.00  DAYS (   +10.0  DAYS MAXS  3 ITS) (24-NOV-2024)
  PAV=   199.0  BARSA  WCT=0.877 GOR= 0.00000   SM3/SM3 WGR= 0.00000   SM3/SM3
 STEP  388 TIME=   3625.00  DAYS (   +10.0  DAYS MAXS  2 ITS) (4-DEC-2024)
  PAV=   199.0  BARSA  WCT=0.877 GOR= 0.00000   SM3/SM3 WGR= 0.00000   SM3/SM3
 STEP  389 TIME=   3635.00  DAYS (   +10.0  DAYS MAXS  3 ITS) (14-DEC-2024)
  PAV=   199.0  BARSA  WCT=0.877 GOR= 0.00000   SM3/SM3 WGR= 0.00000   SM3/SM3
 STEP  390 TIME=   3642.50  DAYS (    +7.5  DAYS HALF  2 ITS) (21-DEC-2024)
  PAV=   199.0  BARSA  WCT=0.878 GOR= 0.00000   SM3/SM3 WGR= 0.00000   SM3/SM3
 STEP  391 TIME=   3650.00  DAYS (    +7.5  DAYS REPT  2 ITS) (29-DEC-2024)
  PAV=   199.0  BARSA  WCT=0.878 GOR= 0.00000   SM3/SM3 WGR= 0.00000   SM3/SM3

 @--MESSAGE  AT TIME     3650.0   DAYS    (29-DEC-2024):
 @           RESTART FILE WRITTEN   REPORT    10
 STEP  392 TIME=   3660.00  DAYS (   +10.0  DAYS MAXS  3 ITS) (8-JAN-2025)
  PAV=   199.0  BARSA  WCT=0.878 GOR= 0.00000   SM3/SM3 WGR= 0.00000   SM3/SM3
 STEP  393 TIME=   3670.00  DAYS (   +10.0  DAYS MAXS  3 ITS) (18-JAN-2025)
  PAV=   199.0  BARSA  WCT=0.879 GOR= 0.00000   SM3/SM3 WGR= 0.00000   SM3/SM3
 STEP  394 TIME=   3680.00  DAYS (   +10.0  DAYS MAXS  2 ITS) (28-JAN-2025)
  PAV=   199.0  BARSA  WCT=0.879 GOR= 0.00000   SM3/SM3 WGR= 0.00000   SM3/SM3
 STEP  395 TIME=   3690.00  DAYS (   +10.0  DAYS MAXS  2 ITS) (7-FEB-2025)
  PAV=   199.0  BARSA  WCT=0.879 GOR= 0.00000   SM3/SM3 WGR= 0.00000   SM3/SM3
 STEP  396 TIME=   3700.00  DAYS (   +10.0  DAYS MAXS  3 ITS) (17-FEB-2025)
  PAV=   199.0  BARSA  WCT=0.880 GOR= 0.00000   SM3/SM3 WGR= 0.00000   SM3/SM3
 STEP  397 TIME=   3710.00  DAYS (   +10.0  DAYS MAXS  2 ITS) (27-FEB-2025)
  PAV=   199.0  BARSA  WCT=0.880 GOR= 0.00000   SM3/SM3 WGR= 0.00000   SM3/SM3
 STEP  398 TIME=   3720.00  DAYS (   +10.0  DAYS MAXS  3 ITS) (9-MAR-2025)
  PAV=   199.0  BARSA  WCT=0.880 GOR= 0.00000   SM3/SM3 WGR= 0.00000   SM3/SM3
 STEP  399 TIME=   3730.00  DAYS (   +10.0  DAYS MAXS  2 ITS) (19-MAR-2025)
  PAV=   199.0  BARSA  WCT=0.880 GOR= 0.00000   SM3/SM3 WGR= 0.00000   SM3/SM3
 STEP  400 TIME=   3740.00  DAYS (   +10.0  DAYS MAXS  2 ITS) (29-MAR-2025)
  PAV=   199.0  BARSA  WCT=0.881 GOR= 0.00000   SM3/SM3 WGR= 0.00000   SM3/SM3
 STEP  401 TIME=   3750.00  DAYS (   +10.0  DAYS MAXS  2 ITS) (8-APR-2025)
  PAV=   199.0  BARSA  WCT=0.881 GOR= 0.00000   SM3/SM3 WGR= 0.00000   SM3/SM3
 STEP  402 TIME=   3760.00  DAYS (   +10.0  DAYS MAXS  2 ITS) (18-APR-2025)
  PAV=   199.0  BARSA  WCT=0.881 GOR= 0.00000   SM3/SM3 WGR= 0.00000   SM3/SM3
 STEP  403 TIME=   3770.00  DAYS (   +10.0  DAYS MAXS  3 ITS) (28-APR-2025)
  PAV=   199.0  BARSA  WCT=0.882 GOR= 0.00000   SM3/SM3 WGR= 0.00000   SM3/SM3
 STEP  404 TIME=   3780.00  DAYS (   +10.0  DAYS MAXS  3 ITS) (8-MAY-2025)
  PAV=   199.0  BARSA  WCT=0.882 GOR= 0.00000   SM3/SM3 WGR= 0.00000   SM3/SM3
 STEP  405 TIME=   3790.00  DAYS (   +10.0  DAYS MAXS  3 ITS) (18-MAY-2025)
  PAV=   199.0  BARSA  WCT=0.882 GOR= 0.00000   SM3/SM3 WGR= 0.00000   SM3/SM3
 STEP  406 TIME=   3800.00  DAYS (   +10.0  DAYS MAXS  2 ITS) (28-MAY-2025)
  PAV=   199.0  BARSA  WCT=0.883 GOR= 0.00000   SM3/SM3 WGR= 0.00000   SM3/SM3
 STEP  407 TIME=   3810.00  DAYS (   +10.0  DAYS MAXS  2 ITS) (7-JUN-2025)
  PAV=   199.0  BARSA  WCT=0.883 GOR= 0.00000   SM3/SM3 WGR= 0.00000   SM3/SM3
 STEP  408 TIME=   3820.00  DAYS (   +10.0  DAYS MAXS  2 ITS) (17-JUN-2025)
  PAV=   199.0  BARSA  WCT=0.883 GOR= 0.00000   SM3/SM3 WGR= 0.00000   SM3/SM3
 STEP  409 TIME=   3830.00  DAYS (   +10.0  DAYS MAXS  3 ITS) (27-JUN-2025)
  PAV=   199.0  BARSA  WCT=0.884 GOR= 0.00000   SM3/SM3 WGR= 0.00000   SM3/SM3
 STEP  410 TIME=   3840.00  DAYS (   +10.0  DAYS MAXS  2 ITS) (7-JLY-2025)
  PAV=   199.0  BARSA  WCT=0.884 GOR= 0.00000   SM3/SM3 WGR= 0.00000   SM3/SM3
 STEP  411 TIME=   3850.00  DAYS (   +10.0  DAYS MAXS  2 ITS) (17-JLY-2025)
  PAV=   199.0  BARSA  WCT=0.884 GOR= 0.00000   SM3/SM3 WGR= 0.00000   SM3/SM3
 STEP  412 TIME=   3860.00  DAYS (   +10.0  DAYS MAXS  3 ITS) (27-JLY-2025)
  PAV=   199.0  BARSA  WCT=0.885 GOR= 0.00000   SM3/SM3 WGR= 0.00000   SM3/SM3
 STEP  413 TIME=   3870.00  DAYS (   +10.0  DAYS MAXS  3 ITS) (6-AUG-2025)
  PAV=   199.0  BARSA  WCT=0.885 GOR= 0.00000   SM3/SM3 WGR= 0.00000   SM3/SM3
 STEP  414 TIME=   3880.00  DAYS (   +10.0  DAYS MAXS  2 ITS) (16-AUG-2025)
  PAV=   199.0  BARSA  WCT=0.885 GOR= 0.00000   SM3/SM3 WGR= 0.00000   SM3/SM3
 STEP  415 TIME=   3890.00  DAYS (   +10.0  DAYS MAXS  2 ITS) (26-AUG-2025)
  PAV=   199.0  BARSA  WCT=0.885 GOR= 0.00000   SM3/SM3 WGR= 0.00000   SM3/SM3
 STEP  416 TIME=   3900.00  DAYS (   +10.0  DAYS MAXS  3 ITS) (5-SEP-2025)
  PAV=   199.0  BARSA  WCT=0.886 GOR= 0.00000   SM3/SM3 WGR= 0.00000   SM3/SM3
 STEP  417 TIME=   3910.00  DAYS (   +10.0  DAYS MAXS  2 ITS) (15-SEP-2025)
  PAV=   198.9  BARSA  WCT=0.886 GOR= 0.00000   SM3/SM3 WGR= 0.00000   SM3/SM3
 STEP  418 TIME=   3920.00  DAYS (   +10.0  DAYS MAXS  2 ITS) (25-SEP-2025)
  PAV=   198.9  BARSA  WCT=0.886 GOR= 0.00000   SM3/SM3 WGR= 0.00000   SM3/SM3
 STEP  419 TIME=   3930.00  DAYS (   +10.0  DAYS MAXS  2 ITS) (5-OCT-2025)
  PAV=   198.9  BARSA  WCT=0.887 GOR= 0.00000   SM3/SM3 WGR= 0.00000   SM3/SM3
 STEP  420 TIME=   3940.00  DAYS (   +10.0  DAYS MAXS  3 ITS) (15-OCT-2025)
  PAV=   198.9  BARSA  WCT=0.887 GOR= 0.00000   SM3/SM3 WGR= 0.00000   SM3/SM3
 STEP  421 TIME=   3950.00  DAYS (   +10.0  DAYS MAXS  3 ITS) (25-OCT-2025)
  PAV=   198.9  BARSA  WCT=0.887 GOR= 0.00000   SM3/SM3 WGR= 0.00000   SM3/SM3
 STEP  422 TIME=   3960.00  DAYS (   +10.0  DAYS MAXS  3 ITS) (4-NOV-2025)
  PAV=   198.9  BARSA  WCT=0.888 GOR= 0.00000   SM3/SM3 WGR= 0.00000   SM3/SM3
 STEP  423 TIME=   3970.00  DAYS (   +10.0  DAYS MAXS  3 ITS) (14-NOV-2025)
  PAV=   198.9  BARSA  WCT=0.888 GOR= 0.00000   SM3/SM3 WGR= 0.00000   SM3/SM3
 STEP  424 TIME=   3980.00  DAYS (   +10.0  DAYS MAXS  3 ITS) (24-NOV-2025)
  PAV=   198.9  BARSA  WCT=0.888 GOR= 0.00000   SM3/SM3 WGR= 0.00000   SM3/SM3
 STEP  425 TIME=   3990.00  DAYS (   +10.0  DAYS MAXS  2 ITS) (4-DEC-2025)
  PAV=   198.9  BARSA  WCT=0.888 GOR= 0.00000   SM3/SM3 WGR= 0.00000   SM3/SM3
 STEP  426 TIME=   4000.00  DAYS (   +10.0  DAYS MAXS  2 ITS) (14-DEC-2025)
  PAV=   198.9  BARSA  WCT=0.889 GOR= 0.00000   SM3/SM3 WGR= 0.00000   SM3/SM3
 STEP  427 TIME=   4007.50  DAYS (    +7.5  DAYS HALF  3 ITS) (21-DEC-2025)
  PAV=   198.9  BARSA  WCT=0.889 GOR= 0.00000   SM3/SM3 WGR= 0.00000   SM3/SM3
 STEP  428 TIME=   4015.00  DAYS (    +7.5  DAYS REPT  2 ITS) (29-DEC-2025)
  PAV=   198.9  BARSA  WCT=0.889 GOR= 0.00000   SM3/SM3 WGR= 0.00000   SM3/SM3

 @--MESSAGE  AT TIME     4015.0   DAYS    (29-DEC-2025):
 @           RESTART FILE WRITTEN   REPORT    11
 STEP  429 TIME=   4025.00  DAYS (   +10.0  DAYS MAXS  3 ITS) (8-JAN-2026)
  PAV=   198.9  BARSA  WCT=0.889 GOR= 0.00000   SM3/SM3 WGR= 0.00000   SM3/SM3
 STEP  430 TIME=   4035.00  DAYS (   +10.0  DAYS MAXS  2 ITS) (18-JAN-2026)
  PAV=   198.9  BARSA  WCT=0.890 GOR= 0.00000   SM3/SM3 WGR= 0.00000   SM3/SM3
 STEP  431 TIME=   4045.00  DAYS (   +10.0  DAYS MAXS  2 ITS) (28-JAN-2026)
  PAV=   198.9  BARSA  WCT=0.890 GOR= 0.00000   SM3/SM3 WGR= 0.00000   SM3/SM3
 STEP  432 TIME=   4055.00  DAYS (   +10.0  DAYS MAXS  2 ITS) (7-FEB-2026)
  PAV=   198.9  BARSA  WCT=0.890 GOR= 0.00000   SM3/SM3 WGR= 0.00000   SM3/SM3
 STEP  433 TIME=   4065.00  DAYS (   +10.0  DAYS MAXS  3 ITS) (17-FEB-2026)
  PAV=   198.9  BARSA  WCT=0.890 GOR= 0.00000   SM3/SM3 WGR= 0.00000   SM3/SM3
 STEP  434 TIME=   4075.00  DAYS (   +10.0  DAYS MAXS  3 ITS) (27-FEB-2026)
  PAV=   198.9  BARSA  WCT=0.891 GOR= 0.00000   SM3/SM3 WGR= 0.00000   SM3/SM3
 STEP  435 TIME=   4085.00  DAYS (   +10.0  DAYS MAXS  3 ITS) (9-MAR-2026)
  PAV=   198.9  BARSA  WCT=0.891 GOR= 0.00000   SM3/SM3 WGR= 0.00000   SM3/SM3
 STEP  436 TIME=   4095.00  DAYS (   +10.0  DAYS MAXS  3 ITS) (19-MAR-2026)
  PAV=   198.9  BARSA  WCT=0.891 GOR= 0.00000   SM3/SM3 WGR= 0.00000   SM3/SM3
 STEP  437 TIME=   4105.00  DAYS (   +10.0  DAYS MAXS  3 ITS) (29-MAR-2026)
  PAV=   198.9  BARSA  WCT=0.892 GOR= 0.00000   SM3/SM3 WGR= 0.00000   SM3/SM3
 STEP  438 TIME=   4115.00  DAYS (   +10.0  DAYS MAXS  3 ITS) (8-APR-2026)
  PAV=   198.9  BARSA  WCT=0.892 GOR= 0.00000   SM3/SM3 WGR= 0.00000   SM3/SM3
 STEP  439 TIME=   4125.00  DAYS (   +10.0  DAYS MAXS  3 ITS) (18-APR-2026)
  PAV=   198.9  BARSA  WCT=0.892 GOR= 0.00000   SM3/SM3 WGR= 0.00000   SM3/SM3
 STEP  440 TIME=   4135.00  DAYS (   +10.0  DAYS MAXS  2 ITS) (28-APR-2026)
  PAV=   198.9  BARSA  WCT=0.892 GOR= 0.00000   SM3/SM3 WGR= 0.00000   SM3/SM3
 STEP  441 TIME=   4145.00  DAYS (   +10.0  DAYS MAXS  3 ITS) (8-MAY-2026)
  PAV=   198.9  BARSA  WCT=0.893 GOR= 0.00000   SM3/SM3 WGR= 0.00000   SM3/SM3
 STEP  442 TIME=   4155.00  DAYS (   +10.0  DAYS MAXS  2 ITS) (18-MAY-2026)
  PAV=   198.9  BARSA  WCT=0.893 GOR= 0.00000   SM3/SM3 WGR= 0.00000   SM3/SM3
 STEP  443 TIME=   4165.00  DAYS (   +10.0  DAYS MAXS  2 ITS) (28-MAY-2026)
  PAV=   198.9  BARSA  WCT=0.893 GOR= 0.00000   SM3/SM3 WGR= 0.00000   SM3/SM3
 STEP  444 TIME=   4175.00  DAYS (   +10.0  DAYS MAXS  2 ITS) (7-JUN-2026)
  PAV=   198.9  BARSA  WCT=0.893 GOR= 0.00000   SM3/SM3 WGR= 0.00000   SM3/SM3
 STEP  445 TIME=   4185.00  DAYS (   +10.0  DAYS MAXS  2 ITS) (17-JUN-2026)
  PAV=   198.9  BARSA  WCT=0.894 GOR= 0.00000   SM3/SM3 WGR= 0.00000   SM3/SM3
 STEP  446 TIME=   4195.00  DAYS (   +10.0  DAYS MAXS  2 ITS) (27-JUN-2026)
  PAV=   198.9  BARSA  WCT=0.894 GOR= 0.00000   SM3/SM3 WGR= 0.00000   SM3/SM3
 STEP  447 TIME=   4205.00  DAYS (   +10.0  DAYS MAXS  2 ITS) (7-JLY-2026)
  PAV=   198.9  BARSA  WCT=0.894 GOR= 0.00000   SM3/SM3 WGR= 0.00000   SM3/SM3
 STEP  448 TIME=   4215.00  DAYS (   +10.0  DAYS MAXS  2 ITS) (17-JLY-2026)
  PAV=   198.9  BARSA  WCT=0.894 GOR= 0.00000   SM3/SM3 WGR= 0.00000   SM3/SM3
 STEP  449 TIME=   4225.00  DAYS (   +10.0  DAYS MAXS  2 ITS) (27-JLY-2026)
  PAV=   198.9  BARSA  WCT=0.895 GOR= 0.00000   SM3/SM3 WGR= 0.00000   SM3/SM3
 STEP  450 TIME=   4235.00  DAYS (   +10.0  DAYS MAXS  2 ITS) (6-AUG-2026)
  PAV=   198.9  BARSA  WCT=0.895 GOR= 0.00000   SM3/SM3 WGR= 0.00000   SM3/SM3
 STEP  451 TIME=   4245.00  DAYS (   +10.0  DAYS MAXS  2 ITS) (16-AUG-2026)
  PAV=   198.9  BARSA  WCT=0.895 GOR= 0.00000   SM3/SM3 WGR= 0.00000   SM3/SM3
 STEP  452 TIME=   4255.00  DAYS (   +10.0  DAYS MAXS  2 ITS) (26-AUG-2026)
  PAV=   198.9  BARSA  WCT=0.895 GOR= 0.00000   SM3/SM3 WGR= 0.00000   SM3/SM3
 STEP  453 TIME=   4265.00  DAYS (   +10.0  DAYS MAXS  2 ITS) (5-SEP-2026)
  PAV=   198.9  BARSA  WCT=0.896 GOR= 0.00000   SM3/SM3 WGR= 0.00000   SM3/SM3
 STEP  454 TIME=   4275.00  DAYS (   +10.0  DAYS MAXS  2 ITS) (15-SEP-2026)
  PAV=   198.9  BARSA  WCT=0.896 GOR= 0.00000   SM3/SM3 WGR= 0.00000   SM3/SM3
 STEP  455 TIME=   4285.00  DAYS (   +10.0  DAYS MAXS  2 ITS) (25-SEP-2026)
  PAV=   198.9  BARSA  WCT=0.896 GOR= 0.00000   SM3/SM3 WGR= 0.00000   SM3/SM3
 STEP  456 TIME=   4295.00  DAYS (   +10.0  DAYS MAXS  2 ITS) (5-OCT-2026)
  PAV=   198.9  BARSA  WCT=0.896 GOR= 0.00000   SM3/SM3 WGR= 0.00000   SM3/SM3
 STEP  457 TIME=   4305.00  DAYS (   +10.0  DAYS MAXS  2 ITS) (15-OCT-2026)
  PAV=   198.9  BARSA  WCT=0.897 GOR= 0.00000   SM3/SM3 WGR= 0.00000   SM3/SM3
 STEP  458 TIME=   4315.00  DAYS (   +10.0  DAYS MAXS  4 ITS) (25-OCT-2026)
  PAV=   198.9  BARSA  WCT=0.897 GOR= 0.00000   SM3/SM3 WGR= 0.00000   SM3/SM3
 STEP  459 TIME=   4325.00  DAYS (   +10.0  DAYS MAXS  2 ITS) (4-NOV-2026)
  PAV=   198.9  BARSA  WCT=0.897 GOR= 0.00000   SM3/SM3 WGR= 0.00000   SM3/SM3
 STEP  460 TIME=   4335.00  DAYS (   +10.0  DAYS MAXS  2 ITS) (14-NOV-2026)
  PAV=   198.9  BARSA  WCT=0.897 GOR= 0.00000   SM3/SM3 WGR= 0.00000   SM3/SM3
 STEP  461 TIME=   4345.00  DAYS (   +10.0  DAYS MAXS  3 ITS) (24-NOV-2026)
  PAV=   198.9  BARSA  WCT=0.898 GOR= 0.00000   SM3/SM3 WGR= 0.00000   SM3/SM3
 STEP  462 TIME=   4355.00  DAYS (   +10.0  DAYS MAXS  3 ITS) (4-DEC-2026)
  PAV=   198.9  BARSA  WCT=0.898 GOR= 0.00000   SM3/SM3 WGR= 0.00000   SM3/SM3
 STEP  463 TIME=   4365.00  DAYS (   +10.0  DAYS MAXS  2 ITS) (14-DEC-2026)
  PAV=   198.9  BARSA  WCT=0.898 GOR= 0.00000   SM3/SM3 WGR= 0.00000   SM3/SM3
 STEP  464 TIME=   4372.50  DAYS (    +7.5  DAYS HALF  2 ITS) (21-DEC-2026)
  PAV=   198.9  BARSA  WCT=0.898 GOR= 0.00000   SM3/SM3 WGR= 0.00000   SM3/SM3
 STEP  465 TIME=   4380.00  DAYS (    +7.5  DAYS REPT  2 ITS) (29-DEC-2026)
  PAV=   198.9  BARSA  WCT=0.899 GOR= 0.00000   SM3/SM3 WGR= 0.00000   SM3/SM3

 @--MESSAGE  AT TIME     4380.0   DAYS    (29-DEC-2026):
 @           RESTART FILE WRITTEN   REPORT    12
               END OF INCLUDE FILE
   138 READING END
          128 Mbytes of storage required
   1.8219     KB/active cell
          408 Mbytes (image size)

 Error summary
 Comments               0
 Warnings               3
 Problems               0
 Errors                 0
 Bugs                   0
 Final cpu    1487.41 elapsed    1493.67
 Total number of time steps forced to be accepted          0
 PRODUCING RUN SUMMARIES
 1WSHOEBOX.SMSPEC exists
 SPEC file succesfully read
 Opened file 1WSHOEBOX.UNSMRY
     1 files exist containing      466 timesteps
 Summary file 1WSHOEBOX.UNSMRY opened
                  4685  vectors loaded
 RUN SUMMARIES COMPLETE

